{"/home/travis/build/npmtest/node-npmtest-velocity/test.js":{"path":"/home/travis/build/npmtest/node-npmtest-velocity/test.js","s":{"1":2,"2":2,"3":2,"4":2,"5":2,"6":2,"7":2,"8":1,"9":2,"10":2,"11":1,"12":1,"13":1,"14":1,"15":2,"16":2,"17":2,"18":2,"19":1,"20":1,"21":2,"22":2,"23":2,"24":1,"25":1,"26":1,"27":1,"28":1,"29":1,"30":1,"31":1,"32":1,"33":1,"34":1,"35":1,"36":1,"37":1,"38":1,"39":2,"40":2,"41":1,"42":2,"43":2,"44":1,"45":2,"46":2,"47":1,"48":2,"49":2,"50":1,"51":1,"52":1,"53":1,"54":1},"b":{"1":[2,1,1,1],"2":[1,1,1,1],"3":[1,1],"4":[1,1],"5":[1,1],"6":[1,1],"7":[1,1],"8":[1,1],"9":[1,1],"10":[1,1,1],"11":[1,1],"12":[1,1],"13":[1,1],"14":[1,1],"15":[1,1],"16":[1,1],"17":[1,1]},"f":{"1":2,"2":2,"3":2,"4":2,"5":2,"6":1,"7":1,"8":1,"9":2,"10":2,"11":2,"12":2,"13":1},"fnMap":{"1":{"name":"(anonymous_1)","line":12,"loc":{"start":{"line":12,"column":1},"end":{"line":12,"column":13}}},"2":{"name":"(anonymous_2)","line":19,"loc":{"start":{"line":19,"column":5},"end":{"line":19,"column":17}}},"3":{"name":"(anonymous_3)","line":23,"loc":{"start":{"line":23,"column":24},"end":{"line":23,"column":36}}},"4":{"name":"(anonymous_4)","line":61,"loc":{"start":{"line":61,"column":5},"end":{"line":61,"column":17}}},"5":{"name":"(anonymous_5)","line":82,"loc":{"start":{"line":82,"column":5},"end":{"line":82,"column":17}}},"6":{"name":"(anonymous_6)","line":91,"loc":{"start":{"line":91,"column":77},"end":{"line":94,"column":10}}},"7":{"name":"(anonymous_7)","line":112,"loc":{"start":{"line":112,"column":83},"end":{"line":115,"column":10}},"skip":true},"8":{"name":"(anonymous_8)","line":123,"loc":{"start":{"line":123,"column":77},"end":{"line":126,"column":10}},"skip":true},"9":{"name":"(anonymous_9)","line":139,"loc":{"start":{"line":139,"column":12},"end":{"line":139,"column":40}},"skip":true},"10":{"name":"(anonymous_10)","line":147,"loc":{"start":{"line":147,"column":77},"end":{"line":150,"column":10}},"skip":true},"11":{"name":"(anonymous_11)","line":158,"loc":{"start":{"line":158,"column":83},"end":{"line":161,"column":10}},"skip":true},"12":{"name":"(anonymous_12)","line":169,"loc":{"start":{"line":169,"column":79},"end":{"line":172,"column":10}},"skip":true},"13":{"name":"(anonymous_13)","line":180,"loc":{"start":{"line":180,"column":75},"end":{"line":183,"column":10}},"skip":true}},"statementMap":{"1":{"start":{"line":12,"column":0},"end":{"line":195,"column":5}},"2":{"start":{"line":14,"column":4},"end":{"line":14,"column":14}},"3":{"start":{"line":19,"column":4},"end":{"line":56,"column":9}},"4":{"start":{"line":21,"column":8},"end":{"line":21,"column":19}},"5":{"start":{"line":23,"column":8},"end":{"line":35,"column":13}},"6":{"start":{"line":24,"column":12},"end":{"line":34,"column":13}},"7":{"start":{"line":25,"column":16},"end":{"line":28,"column":30}},"8":{"start":{"line":30,"column":16},"end":{"line":33,"column":27}},"9":{"start":{"line":37,"column":8},"end":{"line":39,"column":21}},"10":{"start":{"line":40,"column":8},"end":{"line":53,"column":9}},"11":{"start":{"line":43,"column":12},"end":{"line":46,"column":14}},"12":{"start":{"line":47,"column":12},"end":{"line":47,"column":18}},"13":{"start":{"line":50,"column":12},"end":{"line":51,"column":33}},"14":{"start":{"line":52,"column":12},"end":{"line":52,"column":18}},"15":{"start":{"line":55,"column":8},"end":{"line":55,"column":35}},"16":{"start":{"line":61,"column":4},"end":{"line":63,"column":9}},"17":{"start":{"line":62,"column":8},"end":{"line":62,"column":15}},"18":{"start":{"line":64,"column":4},"end":{"line":77,"column":5}},"19":{"start":{"line":70,"column":8},"end":{"line":70,"column":14}},"20":{"start":{"line":76,"column":8},"end":{"line":76,"column":14}},"21":{"start":{"line":82,"column":4},"end":{"line":84,"column":9}},"22":{"start":{"line":83,"column":8},"end":{"line":83,"column":15}},"23":{"start":{"line":85,"column":4},"end":{"line":194,"column":5}},"24":{"start":{"line":91,"column":8},"end":{"line":99,"column":10}},"25":{"start":{"line":98,"column":12},"end":{"line":98,"column":35}},"26":{"start":{"line":102,"column":8},"end":{"line":104,"column":63}},"27":{"start":{"line":105,"column":8},"end":{"line":105,"column":14}},"28":{"start":{"line":112,"column":8},"end":{"line":121,"column":10},"skip":true},"29":{"start":{"line":119,"column":12},"end":{"line":119,"column":55},"skip":true},"30":{"start":{"line":120,"column":12},"end":{"line":120,"column":48},"skip":true},"31":{"start":{"line":123,"column":8},"end":{"line":136,"column":10},"skip":true},"32":{"start":{"line":130,"column":12},"end":{"line":130,"column":76},"skip":true},"33":{"start":{"line":131,"column":12},"end":{"line":131,"column":73},"skip":true},"34":{"start":{"line":132,"column":12},"end":{"line":132,"column":74},"skip":true},"35":{"start":{"line":133,"column":12},"end":{"line":133,"column":79},"skip":true},"36":{"start":{"line":134,"column":12},"end":{"line":134,"column":25},"skip":true},"37":{"start":{"line":135,"column":12},"end":{"line":135,"column":45},"skip":true},"38":{"start":{"line":138,"column":8},"end":{"line":145,"column":14},"skip":true},"39":{"start":{"line":143,"column":16},"end":{"line":143,"column":29},"skip":true},"40":{"start":{"line":144,"column":16},"end":{"line":144,"column":55},"skip":true},"41":{"start":{"line":147,"column":8},"end":{"line":156,"column":10},"skip":true},"42":{"start":{"line":154,"column":12},"end":{"line":154,"column":25},"skip":true},"43":{"start":{"line":155,"column":12},"end":{"line":155,"column":45},"skip":true},"44":{"start":{"line":158,"column":8},"end":{"line":167,"column":10},"skip":true},"45":{"start":{"line":165,"column":12},"end":{"line":165,"column":25},"skip":true},"46":{"start":{"line":166,"column":12},"end":{"line":166,"column":48},"skip":true},"47":{"start":{"line":169,"column":8},"end":{"line":178,"column":10},"skip":true},"48":{"start":{"line":176,"column":12},"end":{"line":176,"column":25},"skip":true},"49":{"start":{"line":177,"column":12},"end":{"line":177,"column":46},"skip":true},"50":{"start":{"line":180,"column":8},"end":{"line":189,"column":10},"skip":true},"51":{"start":{"line":187,"column":12},"end":{"line":187,"column":94},"skip":true},"52":{"start":{"line":188,"column":12},"end":{"line":188,"column":48},"skip":true},"53":{"start":{"line":192,"column":8},"end":{"line":192,"column":35},"skip":true},"54":{"start":{"line":193,"column":8},"end":{"line":193,"column":14},"skip":true}},"branchMap":{"1":{"line":25,"type":"binary-expr","locations":[{"start":{"line":25,"column":23},"end":{"line":25,"column":62}},{"start":{"line":26,"column":20},"end":{"line":26,"column":70}},{"start":{"line":27,"column":20},"end":{"line":27,"column":71}},{"start":{"line":28,"column":20},"end":{"line":28,"column":29}}]},"2":{"line":30,"type":"binary-expr","locations":[{"start":{"line":30,"column":23},"end":{"line":30,"column":37}},{"start":{"line":31,"column":20},"end":{"line":31,"column":61}},{"start":{"line":32,"column":20},"end":{"line":32,"column":70}},{"start":{"line":33,"column":20},"end":{"line":33,"column":26}}]},"3":{"line":37,"type":"cond-expr","locations":[{"start":{"line":38,"column":14},"end":{"line":38,"column":20}},{"start":{"line":39,"column":14},"end":{"line":39,"column":20}}]},"4":{"line":40,"type":"switch","locations":[{"start":{"line":42,"column":8},"end":{"line":47,"column":18}},{"start":{"line":49,"column":8},"end":{"line":52,"column":18}}]},"5":{"line":44,"type":"binary-expr","locations":[{"start":{"line":44,"column":16},"end":{"line":44,"column":44}},{"start":{"line":44,"column":48},"end":{"line":44,"column":66}}]},"6":{"line":50,"type":"binary-expr","locations":[{"start":{"line":50,"column":21},"end":{"line":50,"column":49}},{"start":{"line":50,"column":53},"end":{"line":50,"column":72}}]},"7":{"line":64,"type":"switch","locations":[{"start":{"line":69,"column":4},"end":{"line":70,"column":14}},{"start":{"line":75,"column":4},"end":{"line":76,"column":14}}]},"8":{"line":85,"type":"switch","locations":[{"start":{"line":90,"column":4},"end":{"line":105,"column":14}},{"start":{"line":111,"column":4},"end":{"line":193,"column":14},"skip":true}]},"9":{"line":91,"type":"binary-expr","locations":[{"start":{"line":91,"column":42},"end":{"line":91,"column":73}},{"start":{"line":91,"column":77},"end":{"line":99,"column":9}}]},"10":{"line":102,"type":"binary-expr","locations":[{"start":{"line":102,"column":18},"end":{"line":102,"column":32}},{"start":{"line":103,"column":12},"end":{"line":103,"column":53}},{"start":{"line":104,"column":12},"end":{"line":104,"column":61}}]},"11":{"line":112,"type":"binary-expr","locations":[{"start":{"line":112,"column":45},"end":{"line":112,"column":79},"skip":true},{"start":{"line":112,"column":83},"end":{"line":121,"column":9},"skip":true}]},"12":{"line":123,"type":"binary-expr","locations":[{"start":{"line":123,"column":42},"end":{"line":123,"column":73},"skip":true},{"start":{"line":123,"column":77},"end":{"line":136,"column":9},"skip":true}]},"13":{"line":138,"type":"binary-expr","locations":[{"start":{"line":138,"column":48},"end":{"line":138,"column":85},"skip":true},{"start":{"line":139,"column":12},"end":{"line":145,"column":13},"skip":true}]},"14":{"line":147,"type":"binary-expr","locations":[{"start":{"line":147,"column":42},"end":{"line":147,"column":73},"skip":true},{"start":{"line":147,"column":77},"end":{"line":156,"column":9},"skip":true}]},"15":{"line":158,"type":"binary-expr","locations":[{"start":{"line":158,"column":45},"end":{"line":158,"column":79},"skip":true},{"start":{"line":158,"column":83},"end":{"line":167,"column":9},"skip":true}]},"16":{"line":169,"type":"binary-expr","locations":[{"start":{"line":169,"column":43},"end":{"line":169,"column":75},"skip":true},{"start":{"line":169,"column":79},"end":{"line":178,"column":9},"skip":true}]},"17":{"line":180,"type":"binary-expr","locations":[{"start":{"line":180,"column":41},"end":{"line":180,"column":71},"skip":true},{"start":{"line":180,"column":75},"end":{"line":189,"column":9},"skip":true}]}},"code":["/* istanbul instrument in package npmtest_velocity */","/*jslint","    bitwise: true,","    browser: true,","    maxerr: 8,","    maxlen: 96,","    node: true,","    nomen: true,","    regexp: true,","    stupid: true","*/","(function () {","    'use strict';","    var local;","","","","    // run shared js-env code - init-before","    (function () {","        // init local","        local = {};","        // init modeJs","        local.modeJs = (function () {","            try {","                return typeof navigator.userAgent === 'string' &&","                    typeof document.querySelector('body') === 'object' &&","                    typeof XMLHttpRequest.prototype.open === 'function' &&","                    'browser';","            } catch (errorCaughtBrowser) {","                return module.exports &&","                    typeof process.versions.node === 'string' &&","                    typeof require('http').createServer === 'function' &&","                    'node';","            }","        }());","        // init global","        local.global = local.modeJs === 'browser'","            ? window","            : global;","        switch (local.modeJs) {","        // re-init local from window.local","        case 'browser':","            local = local.global.utility2.objectSetDefault(","                local.global.utility2_rollup || local.global.local,","                local.global.utility2","            );","            break;","        // re-init local from example.js","        case 'node':","            local = (local.global.utility2_rollup || require('utility2'))","                .requireReadme();","            break;","        }","        // export local","        local.global.local = local;","    }());","","","","    // run shared js-env code - function","    (function () {","        return;","    }());","    switch (local.modeJs) {","","","","    // run browser js-env code - function","    case 'browser':","        break;","","","","    // run node js-env code - function","    case 'node':","        break;","    }","","","","    // run shared js-env code - init-after","    (function () {","        return;","    }());","    switch (local.modeJs) {","","","","    // run browser js-env code - init-after","    case 'browser':","        local.testCase_browser_nullCase = local.testCase_browser_nullCase || function (","            options,","            onError","        ) {","        /*","         * this function will test browsers's null-case handling-behavior-behavior","         */","            onError(null, options);","        };","","        // run tests","        local.nop(local.modeTest &&","            document.querySelector('#testRunButton1') &&","            document.querySelector('#testRunButton1').click());","        break;","","","","    // run node js-env code - init-after","    /* istanbul ignore next */","    case 'node':","        local.testCase_buildApidoc_default = local.testCase_buildApidoc_default || function (","            options,","            onError","        ) {","        /*","         * this function will test buildApidoc's default handling-behavior-behavior","         */","            options = { modulePathList: module.paths };","            local.buildApidoc(options, onError);","        };","","        local.testCase_buildApp_default = local.testCase_buildApp_default || function (","            options,","            onError","        ) {","        /*","         * this function will test buildApp's default handling-behavior-behavior","         */","            local.testCase_buildReadme_default(options, local.onErrorThrow);","            local.testCase_buildLib_default(options, local.onErrorThrow);","            local.testCase_buildTest_default(options, local.onErrorThrow);","            local.testCase_buildCustomOrg_default(options, local.onErrorThrow);","            options = [];","            local.buildApp(options, onError);","        };","","        local.testCase_buildCustomOrg_default = local.testCase_buildCustomOrg_default ||","            function (options, onError) {","            /*","             * this function will test buildCustomOrg's default handling-behavior","             */","                options = {};","                local.buildCustomOrg(options, onError);","            };","","        local.testCase_buildLib_default = local.testCase_buildLib_default || function (","            options,","            onError","        ) {","        /*","         * this function will test buildLib's default handling-behavior","         */","            options = {};","            local.buildLib(options, onError);","        };","","        local.testCase_buildReadme_default = local.testCase_buildReadme_default || function (","            options,","            onError","        ) {","        /*","         * this function will test buildReadme's default handling-behavior-behavior","         */","            options = {};","            local.buildReadme(options, onError);","        };","","        local.testCase_buildTest_default = local.testCase_buildTest_default || function (","            options,","            onError","        ) {","        /*","         * this function will test buildTest's default handling-behavior","         */","            options = {};","            local.buildTest(options, onError);","        };","","        local.testCase_webpage_default = local.testCase_webpage_default || function (","            options,","            onError","        ) {","        /*","         * this function will test webpage's default handling-behavior","         */","            options = { modeCoverageMerge: true, url: local.serverLocalHost + '?modeTest=1' };","            local.browserTest(options, onError);","        };","","        // run test-server","        local.testRunServer(local);","        break;","    }","}());",""],"l":{"12":2,"14":2,"19":2,"21":2,"23":2,"24":2,"25":2,"30":1,"37":2,"40":2,"43":1,"47":1,"50":1,"52":1,"55":2,"61":2,"62":2,"64":2,"70":1,"76":1,"82":2,"83":2,"85":2,"91":1,"98":1,"102":1,"105":1,"112":1,"119":1,"120":1,"123":1,"130":1,"131":1,"132":1,"133":1,"134":1,"135":1,"138":1,"143":2,"144":2,"147":1,"154":2,"155":2,"158":1,"165":2,"166":2,"169":1,"176":2,"177":2,"180":1,"187":1,"188":1,"192":1,"193":1}},"/home/travis/build/npmtest/node-npmtest-velocity/lib.npmtest_velocity.js":{"path":"/home/travis/build/npmtest/node-npmtest-velocity/lib.npmtest_velocity.js","s":{"1":2,"2":2,"3":2,"4":2,"5":2,"6":2,"7":2,"8":1,"9":2,"10":2,"11":2,"12":2,"13":1,"14":1,"15":1,"16":1},"b":{"1":[2,1,1,1],"2":[1,1,1,1],"3":[1,1],"4":[2,2],"5":[1,1]},"f":{"1":2,"2":2,"3":2},"fnMap":{"1":{"name":"(anonymous_1)","line":12,"loc":{"start":{"line":12,"column":1},"end":{"line":12,"column":13}}},"2":{"name":"(anonymous_2)","line":19,"loc":{"start":{"line":19,"column":5},"end":{"line":19,"column":17}}},"3":{"name":"(anonymous_3)","line":23,"loc":{"start":{"line":23,"column":24},"end":{"line":23,"column":36}}}},"statementMap":{"1":{"start":{"line":12,"column":0},"end":{"line":53,"column":5}},"2":{"start":{"line":14,"column":4},"end":{"line":14,"column":14}},"3":{"start":{"line":19,"column":4},"end":{"line":52,"column":9}},"4":{"start":{"line":21,"column":8},"end":{"line":21,"column":19}},"5":{"start":{"line":23,"column":8},"end":{"line":35,"column":13}},"6":{"start":{"line":24,"column":12},"end":{"line":34,"column":13}},"7":{"start":{"line":25,"column":16},"end":{"line":28,"column":30}},"8":{"start":{"line":30,"column":16},"end":{"line":33,"column":27}},"9":{"start":{"line":37,"column":8},"end":{"line":39,"column":21}},"10":{"start":{"line":41,"column":8},"end":{"line":41,"column":54}},"11":{"start":{"line":43,"column":8},"end":{"line":43,"column":53}},"12":{"start":{"line":45,"column":8},"end":{"line":51,"column":9}},"13":{"start":{"line":46,"column":12},"end":{"line":46,"column":59}},"14":{"start":{"line":48,"column":12},"end":{"line":48,"column":35}},"15":{"start":{"line":49,"column":12},"end":{"line":49,"column":49}},"16":{"start":{"line":50,"column":12},"end":{"line":50,"column":43}}},"branchMap":{"1":{"line":25,"type":"binary-expr","locations":[{"start":{"line":25,"column":23},"end":{"line":25,"column":62}},{"start":{"line":26,"column":20},"end":{"line":26,"column":70}},{"start":{"line":27,"column":20},"end":{"line":27,"column":71}},{"start":{"line":28,"column":20},"end":{"line":28,"column":29}}]},"2":{"line":30,"type":"binary-expr","locations":[{"start":{"line":30,"column":23},"end":{"line":30,"column":37}},{"start":{"line":31,"column":20},"end":{"line":31,"column":61}},{"start":{"line":32,"column":20},"end":{"line":32,"column":70}},{"start":{"line":33,"column":20},"end":{"line":33,"column":26}}]},"3":{"line":37,"type":"cond-expr","locations":[{"start":{"line":38,"column":14},"end":{"line":38,"column":20}},{"start":{"line":39,"column":14},"end":{"line":39,"column":20}}]},"4":{"line":41,"type":"binary-expr","locations":[{"start":{"line":41,"column":16},"end":{"line":41,"column":44}},{"start":{"line":41,"column":48},"end":{"line":41,"column":53}}]},"5":{"line":45,"type":"if","locations":[{"start":{"line":45,"column":8},"end":{"line":45,"column":8}},{"start":{"line":45,"column":8},"end":{"line":45,"column":8}}]}},"code":["/* istanbul instrument in package npmtest_velocity */","/*jslint","    bitwise: true,","    browser: true,","    maxerr: 8,","    maxlen: 96,","    node: true,","    nomen: true,","    regexp: true,","    stupid: true","*/","(function () {","    'use strict';","    var local;","","","","    // run shared js-env code - init-before","    (function () {","        // init local","        local = {};","        // init modeJs","        local.modeJs = (function () {","            try {","                return typeof navigator.userAgent === 'string' &&","                    typeof document.querySelector('body') === 'object' &&","                    typeof XMLHttpRequest.prototype.open === 'function' &&","                    'browser';","            } catch (errorCaughtBrowser) {","                return module.exports &&","                    typeof process.versions.node === 'string' &&","                    typeof require('http').createServer === 'function' &&","                    'node';","            }","        }());","        // init global","        local.global = local.modeJs === 'browser'","            ? window","            : global;","        // init utility2_rollup","        local = local.global.utility2_rollup || local;","        // init lib","        local.local = local.npmtest_velocity = local;","        // init exports","        if (local.modeJs === 'browser') {","            local.global.utility2_npmtest_velocity = local;","        } else {","            module.exports = local;","            module.exports.__dirname = __dirname;","            module.exports.module = module;","        }","    }());","}());",""],"l":{"12":2,"14":2,"19":2,"21":2,"23":2,"24":2,"25":2,"30":1,"37":2,"41":2,"43":2,"45":2,"46":1,"48":1,"49":1,"50":1}},"/home/travis/build/npmtest/node-npmtest-velocity/example.js":{"path":"/home/travis/build/npmtest/node-npmtest-velocity/example.js","s":{"1":2,"2":2,"3":2,"4":2,"5":2,"6":2,"7":2,"8":1,"9":2,"10":2,"11":2,"12":2,"13":1,"14":2,"15":2,"16":2,"17":2,"18":2,"19":0,"20":2,"21":1,"22":1,"23":1,"24":1,"25":1,"26":0,"27":0,"28":1,"29":1,"30":2,"31":0,"32":0,"33":0,"34":1,"35":2,"36":2,"37":3,"38":3,"39":3,"40":3,"41":0,"42":3,"43":3,"44":3,"45":1,"46":3,"47":1,"48":1,"49":1,"50":1,"51":1,"52":1,"53":1,"54":1,"55":1,"56":1,"57":0,"58":1,"59":6,"60":6,"61":1,"62":2,"63":0,"64":2,"65":1,"66":1,"67":0,"68":0,"69":0,"70":0,"71":0,"72":0,"73":0,"74":0,"75":0,"76":0,"77":0,"78":0,"79":0,"80":0,"81":0,"82":0,"83":0},"b":{"1":[2,1,1,1],"2":[1,1,1,1],"3":[1,1],"4":[2,2],"5":[1,1],"6":[1,1],"7":[2,0],"8":[2,1,1,1,1,1],"9":[0,2,0],"10":[1,1],"11":[2,1,1],"12":[1,0],"13":[0,2],"14":[2,0,0,0,0,0,0],"15":[0,3],"16":[3,0],"17":[1,1],"18":[0,1],"19":[1,2,0,2],"20":[1,0],"21":[1,1],"22":[0,0],"23":[0,0],"24":[0,0],"25":[0,0],"26":[0,0],"27":[0,0],"28":[0,0]},"f":{"1":2,"2":2,"3":2,"4":2,"5":2,"6":2,"7":3,"8":3,"9":3,"10":1,"11":6,"12":0},"fnMap":{"1":{"name":"(anonymous_1)","line":26,"loc":{"start":{"line":26,"column":1},"end":{"line":26,"column":13}}},"2":{"name":"(anonymous_2)","line":33,"loc":{"start":{"line":33,"column":5},"end":{"line":33,"column":17}}},"3":{"name":"(anonymous_3)","line":37,"loc":{"start":{"line":37,"column":24},"end":{"line":37,"column":36}}},"4":{"name":"(anonymous_4)","line":69,"loc":{"start":{"line":69,"column":31},"end":{"line":69,"column":48}},"skip":true},"5":{"name":"(anonymous_5)","line":78,"loc":{"start":{"line":78,"column":26},"end":{"line":78,"column":45}},"skip":true},"6":{"name":"(anonymous_6)","line":123,"loc":{"start":{"line":123,"column":33},"end":{"line":123,"column":48}},"skip":true},"7":{"name":"(anonymous_7)","line":125,"loc":{"start":{"line":125,"column":27},"end":{"line":125,"column":39}},"skip":true},"8":{"name":"(anonymous_8)","line":133,"loc":{"start":{"line":133,"column":59},"end":{"line":133,"column":74}},"skip":true},"9":{"name":"(anonymous_9)","line":143,"loc":{"start":{"line":143,"column":45},"end":{"line":143,"column":62}},"skip":true},"10":{"name":"(anonymous_10)","line":144,"loc":{"start":{"line":144,"column":73},"end":{"line":144,"column":92}},"skip":true},"11":{"name":"(anonymous_11)","line":272,"loc":{"start":{"line":272,"column":51},"end":{"line":272,"column":77}},"skip":true},"12":{"name":"(anonymous_12)","line":315,"loc":{"start":{"line":315,"column":32},"end":{"line":315,"column":61}},"skip":true}},"statementMap":{"1":{"start":{"line":26,"column":0},"end":{"line":326,"column":5}},"2":{"start":{"line":28,"column":4},"end":{"line":28,"column":14}},"3":{"start":{"line":33,"column":4},"end":{"line":60,"column":9}},"4":{"start":{"line":35,"column":8},"end":{"line":35,"column":19}},"5":{"start":{"line":37,"column":8},"end":{"line":49,"column":13}},"6":{"start":{"line":38,"column":12},"end":{"line":48,"column":13}},"7":{"start":{"line":39,"column":16},"end":{"line":42,"column":30}},"8":{"start":{"line":44,"column":16},"end":{"line":47,"column":27}},"9":{"start":{"line":51,"column":8},"end":{"line":53,"column":21}},"10":{"start":{"line":55,"column":8},"end":{"line":57,"column":45}},"11":{"start":{"line":59,"column":8},"end":{"line":59,"column":35}},"12":{"start":{"line":61,"column":4},"end":{"line":325,"column":5}},"13":{"start":{"line":69,"column":8},"end":{"line":121,"column":10},"skip":true},"14":{"start":{"line":70,"column":12},"end":{"line":88,"column":13},"skip":true},"15":{"start":{"line":76,"column":16},"end":{"line":87,"column":19},"skip":true},"16":{"start":{"line":79,"column":20},"end":{"line":86,"column":21},"skip":true},"17":{"start":{"line":82,"column":24},"end":{"line":82,"column":43},"skip":true},"18":{"start":{"line":83,"column":24},"end":{"line":83,"column":30},"skip":true},"19":{"start":{"line":85,"column":24},"end":{"line":85,"column":49},"skip":true},"20":{"start":{"line":89,"column":12},"end":{"line":107,"column":13},"skip":true},"21":{"start":{"line":92,"column":16},"end":{"line":102,"column":17},"skip":true},"22":{"start":{"line":93,"column":20},"end":{"line":93,"column":86},"skip":true},"23":{"start":{"line":94,"column":20},"end":{"line":95,"column":45},"skip":true},"24":{"start":{"line":96,"column":20},"end":{"line":96,"column":42},"skip":true},"25":{"start":{"line":97,"column":20},"end":{"line":97,"column":48},"skip":true},"26":{"start":{"line":100,"column":20},"end":{"line":100,"column":85},"skip":true},"27":{"start":{"line":101,"column":20},"end":{"line":101,"column":96},"skip":true},"28":{"start":{"line":103,"column":16},"end":{"line":103,"column":22},"skip":true},"29":{"start":{"line":106,"column":16},"end":{"line":106,"column":22},"skip":true},"30":{"start":{"line":108,"column":12},"end":{"line":120,"column":13},"skip":true},"31":{"start":{"line":114,"column":16},"end":{"line":119,"column":17},"skip":true},"32":{"start":{"line":116,"column":20},"end":{"line":116,"column":78},"skip":true},"33":{"start":{"line":118,"column":20},"end":{"line":118,"column":47},"skip":true},"34":{"start":{"line":123,"column":8},"end":{"line":141,"column":11},"skip":true},"35":{"start":{"line":124,"column":12},"end":{"line":124,"column":54},"skip":true},"36":{"start":{"line":125,"column":12},"end":{"line":140,"column":14},"skip":true},"37":{"start":{"line":126,"column":16},"end":{"line":126,"column":28},"skip":true},"38":{"start":{"line":127,"column":16},"end":{"line":127,"column":69},"skip":true},"39":{"start":{"line":128,"column":16},"end":{"line":128,"column":75},"skip":true},"40":{"start":{"line":129,"column":16},"end":{"line":131,"column":17},"skip":true},"41":{"start":{"line":130,"column":20},"end":{"line":130,"column":27},"skip":true},"42":{"start":{"line":133,"column":16},"end":{"line":137,"column":36},"skip":true},"43":{"start":{"line":134,"column":20},"end":{"line":136,"column":55},"skip":true},"44":{"start":{"line":139,"column":16},"end":{"line":139,"column":57},"skip":true},"45":{"start":{"line":143,"column":8},"end":{"line":147,"column":11},"skip":true},"46":{"start":{"line":144,"column":12},"end":{"line":146,"column":15},"skip":true},"47":{"start":{"line":145,"column":16},"end":{"line":145,"column":70},"skip":true},"48":{"start":{"line":149,"column":8},"end":{"line":149,"column":31},"skip":true},"49":{"start":{"line":150,"column":8},"end":{"line":150,"column":14},"skip":true},"50":{"start":{"line":158,"column":8},"end":{"line":158,"column":31},"skip":true},"51":{"start":{"line":160,"column":8},"end":{"line":160,"column":33},"skip":true},"52":{"start":{"line":161,"column":8},"end":{"line":161,"column":37},"skip":true},"53":{"start":{"line":162,"column":8},"end":{"line":162,"column":35},"skip":true},"54":{"start":{"line":164,"column":8},"end":{"line":164,"column":50},"skip":true},"55":{"start":{"line":166,"column":8},"end":{"line":256,"column":2},"skip":true},"56":{"start":{"line":258,"column":8},"end":{"line":286,"column":9},"skip":true},"57":{"start":{"line":259,"column":12},"end":{"line":269,"column":14},"skip":true},"58":{"start":{"line":271,"column":12},"end":{"line":285,"column":19},"skip":true},"59":{"start":{"line":274,"column":20},"end":{"line":274,"column":35},"skip":true},"60":{"start":{"line":275,"column":20},"end":{"line":284,"column":21},"skip":true},"61":{"start":{"line":277,"column":24},"end":{"line":277,"column":64},"skip":true},"62":{"start":{"line":279,"column":24},"end":{"line":279,"column":40},"skip":true},"63":{"start":{"line":281,"column":24},"end":{"line":281,"column":40},"skip":true},"64":{"start":{"line":283,"column":24},"end":{"line":283,"column":39},"skip":true},"65":{"start":{"line":288,"column":8},"end":{"line":290,"column":9},"skip":true},"66":{"start":{"line":289,"column":12},"end":{"line":289,"column":18},"skip":true},"67":{"start":{"line":291,"column":8},"end":{"line":293,"column":54},"skip":true},"68":{"start":{"line":296,"column":8},"end":{"line":301,"column":37},"skip":true},"69":{"start":{"line":303,"column":8},"end":{"line":303,"column":82},"skip":true},"70":{"start":{"line":306,"column":8},"end":{"line":308,"column":9},"skip":true},"71":{"start":{"line":307,"column":12},"end":{"line":307,"column":82},"skip":true},"72":{"start":{"line":310,"column":8},"end":{"line":312,"column":9},"skip":true},"73":{"start":{"line":311,"column":12},"end":{"line":311,"column":18},"skip":true},"74":{"start":{"line":313,"column":8},"end":{"line":313,"column":54},"skip":true},"75":{"start":{"line":314,"column":8},"end":{"line":314,"column":69},"skip":true},"76":{"start":{"line":315,"column":8},"end":{"line":323,"column":36},"skip":true},"77":{"start":{"line":316,"column":12},"end":{"line":316,"column":61},"skip":true},"78":{"start":{"line":317,"column":12},"end":{"line":320,"column":13},"skip":true},"79":{"start":{"line":318,"column":16},"end":{"line":318,"column":75},"skip":true},"80":{"start":{"line":319,"column":16},"end":{"line":319,"column":23},"skip":true},"81":{"start":{"line":321,"column":12},"end":{"line":321,"column":38},"skip":true},"82":{"start":{"line":322,"column":12},"end":{"line":322,"column":27},"skip":true},"83":{"start":{"line":324,"column":8},"end":{"line":324,"column":14},"skip":true}},"branchMap":{"1":{"line":39,"type":"binary-expr","locations":[{"start":{"line":39,"column":23},"end":{"line":39,"column":62}},{"start":{"line":40,"column":20},"end":{"line":40,"column":70}},{"start":{"line":41,"column":20},"end":{"line":41,"column":71}},{"start":{"line":42,"column":20},"end":{"line":42,"column":29}}]},"2":{"line":44,"type":"binary-expr","locations":[{"start":{"line":44,"column":23},"end":{"line":44,"column":37}},{"start":{"line":45,"column":20},"end":{"line":45,"column":61}},{"start":{"line":46,"column":20},"end":{"line":46,"column":70}},{"start":{"line":47,"column":20},"end":{"line":47,"column":26}}]},"3":{"line":51,"type":"cond-expr","locations":[{"start":{"line":52,"column":14},"end":{"line":52,"column":20}},{"start":{"line":53,"column":14},"end":{"line":53,"column":20}}]},"4":{"line":55,"type":"binary-expr","locations":[{"start":{"line":55,"column":16},"end":{"line":55,"column":44}},{"start":{"line":55,"column":49},"end":{"line":57,"column":43}}]},"5":{"line":55,"type":"cond-expr","locations":[{"start":{"line":56,"column":14},"end":{"line":56,"column":52}},{"start":{"line":57,"column":14},"end":{"line":57,"column":43}}]},"6":{"line":61,"type":"switch","locations":[{"start":{"line":68,"column":4},"end":{"line":150,"column":14},"skip":true},{"start":{"line":156,"column":4},"end":{"line":324,"column":14},"skip":true}]},"7":{"line":70,"type":"if","locations":[{"start":{"line":70,"column":12},"end":{"line":70,"column":12},"skip":true},{"start":{"line":70,"column":12},"end":{"line":70,"column":12},"skip":true}]},"8":{"line":70,"type":"binary-expr","locations":[{"start":{"line":70,"column":16},"end":{"line":70,"column":22},"skip":true},{"start":{"line":70,"column":27},"end":{"line":70,"column":32},"skip":true},{"start":{"line":71,"column":20},"end":{"line":71,"column":39},"skip":true},{"start":{"line":72,"column":20},"end":{"line":72,"column":49},"skip":true},{"start":{"line":73,"column":20},"end":{"line":73,"column":58},"skip":true},{"start":{"line":74,"column":20},"end":{"line":74,"column":69},"skip":true}]},"9":{"line":79,"type":"switch","locations":[{"start":{"line":80,"column":20},"end":{"line":80,"column":33},"skip":true},{"start":{"line":81,"column":20},"end":{"line":83,"column":30},"skip":true},{"start":{"line":84,"column":20},"end":{"line":85,"column":49},"skip":true}]},"10":{"line":89,"type":"switch","locations":[{"start":{"line":90,"column":12},"end":{"line":103,"column":22},"skip":true},{"start":{"line":105,"column":12},"end":{"line":106,"column":22},"skip":true}]},"11":{"line":89,"type":"binary-expr","locations":[{"start":{"line":89,"column":20},"end":{"line":89,"column":25},"skip":true},{"start":{"line":89,"column":29},"end":{"line":89,"column":48},"skip":true},{"start":{"line":89,"column":52},"end":{"line":89,"column":74},"skip":true}]},"12":{"line":92,"type":"if","locations":[{"start":{"line":92,"column":16},"end":{"line":92,"column":16},"skip":true},{"start":{"line":92,"column":16},"end":{"line":92,"column":16},"skip":true}]},"13":{"line":108,"type":"if","locations":[{"start":{"line":108,"column":12},"end":{"line":108,"column":12},"skip":true},{"start":{"line":108,"column":12},"end":{"line":108,"column":12},"skip":true}]},"14":{"line":108,"type":"binary-expr","locations":[{"start":{"line":108,"column":16},"end":{"line":108,"column":61},"skip":true},{"start":{"line":108,"column":66},"end":{"line":108,"column":72},"skip":true},{"start":{"line":108,"column":77},"end":{"line":108,"column":82},"skip":true},{"start":{"line":109,"column":20},"end":{"line":109,"column":39},"skip":true},{"start":{"line":110,"column":20},"end":{"line":110,"column":49},"skip":true},{"start":{"line":111,"column":20},"end":{"line":111,"column":58},"skip":true},{"start":{"line":112,"column":20},"end":{"line":112,"column":68},"skip":true}]},"15":{"line":129,"type":"if","locations":[{"start":{"line":129,"column":16},"end":{"line":129,"column":16},"skip":true},{"start":{"line":129,"column":16},"end":{"line":129,"column":16},"skip":true}]},"16":{"line":134,"type":"cond-expr","locations":[{"start":{"line":135,"column":26},"end":{"line":135,"column":29},"skip":true},{"start":{"line":136,"column":26},"end":{"line":136,"column":54},"skip":true}]},"17":{"line":164,"type":"binary-expr","locations":[{"start":{"line":164,"column":27},"end":{"line":164,"column":43},"skip":true},{"start":{"line":164,"column":47},"end":{"line":164,"column":49},"skip":true}]},"18":{"line":258,"type":"if","locations":[{"start":{"line":258,"column":8},"end":{"line":258,"column":8},"skip":true},{"start":{"line":258,"column":8},"end":{"line":258,"column":8},"skip":true}]},"19":{"line":275,"type":"switch","locations":[{"start":{"line":276,"column":20},"end":{"line":277,"column":64},"skip":true},{"start":{"line":278,"column":20},"end":{"line":279,"column":40},"skip":true},{"start":{"line":280,"column":20},"end":{"line":281,"column":40},"skip":true},{"start":{"line":282,"column":20},"end":{"line":283,"column":39},"skip":true}]},"20":{"line":288,"type":"if","locations":[{"start":{"line":288,"column":8},"end":{"line":288,"column":8},"skip":true},{"start":{"line":288,"column":8},"end":{"line":288,"column":8},"skip":true}]},"21":{"line":288,"type":"binary-expr","locations":[{"start":{"line":288,"column":12},"end":{"line":288,"column":40},"skip":true},{"start":{"line":288,"column":44},"end":{"line":288,"column":67},"skip":true}]},"22":{"line":292,"type":"binary-expr","locations":[{"start":{"line":292,"column":12},"end":{"line":292,"column":50},"skip":true},{"start":{"line":293,"column":12},"end":{"line":293,"column":53},"skip":true}]},"23":{"line":297,"type":"binary-expr","locations":[{"start":{"line":297,"column":12},"end":{"line":297,"column":66},"skip":true},{"start":{"line":298,"column":12},"end":{"line":301,"column":36},"skip":true}]},"24":{"line":303,"type":"binary-expr","locations":[{"start":{"line":303,"column":43},"end":{"line":303,"column":75},"skip":true},{"start":{"line":303,"column":79},"end":{"line":303,"column":81},"skip":true}]},"25":{"line":306,"type":"if","locations":[{"start":{"line":306,"column":8},"end":{"line":306,"column":8},"skip":true},{"start":{"line":306,"column":8},"end":{"line":306,"column":8},"skip":true}]},"26":{"line":310,"type":"if","locations":[{"start":{"line":310,"column":8},"end":{"line":310,"column":8},"skip":true},{"start":{"line":310,"column":8},"end":{"line":310,"column":8},"skip":true}]},"27":{"line":313,"type":"binary-expr","locations":[{"start":{"line":313,"column":27},"end":{"line":313,"column":43},"skip":true},{"start":{"line":313,"column":47},"end":{"line":313,"column":53},"skip":true}]},"28":{"line":317,"type":"if","locations":[{"start":{"line":317,"column":12},"end":{"line":317,"column":12},"skip":true},{"start":{"line":317,"column":12},"end":{"line":317,"column":12},"skip":true}]}},"code":["/*","example.js","","quickstart example","","instruction","    1. save this script as example.js","    2. run the shell command:","        $ npm install npmtest-velocity && PORT=8081 node example.js","    3. play with the browser-demo on http://127.0.0.1:8081","*/","","","","/* istanbul instrument in package npmtest_velocity */","/*jslint","    bitwise: true,","    browser: true,","    maxerr: 8,","    maxlen: 96,","    node: true,","    nomen: true,","    regexp: true,","    stupid: true","*/","(function () {","    'use strict';","    var local;","","","","    // run shared js-env code - init-before","    (function () {","        // init local","        local = {};","        // init modeJs","        local.modeJs = (function () {","            try {","                return typeof navigator.userAgent === 'string' &&","                    typeof document.querySelector('body') === 'object' &&","                    typeof XMLHttpRequest.prototype.open === 'function' &&","                    'browser';","            } catch (errorCaughtBrowser) {","                return module.exports &&","                    typeof process.versions.node === 'string' &&","                    typeof require('http').createServer === 'function' &&","                    'node';","            }","        }());","        // init global","        local.global = local.modeJs === 'browser'","            ? window","            : global;","        // init utility2_rollup","        local = local.global.utility2_rollup || (local.modeJs === 'browser'","            ? local.global.utility2_npmtest_velocity","            : global.utility2_moduleExports);","        // export local","        local.global.local = local;","    }());","    switch (local.modeJs) {","","","","    // init-after","    // run browser js-env code - init-after","    /* istanbul ignore next */","    case 'browser':","        local.testRunBrowser = function (event) {","            if (!event || (event &&","                    event.currentTarget &&","                    event.currentTarget.className &&","                    event.currentTarget.className.includes &&","                    event.currentTarget.className.includes('onreset'))) {","                // reset output","                Array.from(","                    document.querySelectorAll('body > .resettable')","                ).forEach(function (element) {","                    switch (element.tagName) {","                    case 'INPUT':","                    case 'TEXTAREA':","                        element.value = '';","                        break;","                    default:","                        element.textContent = '';","                    }","                });","            }","            switch (event && event.currentTarget && event.currentTarget.id) {","            case 'testRunButton1':","                // show tests","                if (document.querySelector('#testReportDiv1').style.display === 'none') {","                    document.querySelector('#testReportDiv1').style.display = 'block';","                    document.querySelector('#testRunButton1').textContent =","                        'hide internal test';","                    local.modeTest = true;","                    local.testRunDefault(local);","                // hide tests","                } else {","                    document.querySelector('#testReportDiv1').style.display = 'none';","                    document.querySelector('#testRunButton1').textContent = 'run internal test';","                }","                break;","            // custom-case","            default:","                break;","            }","            if (document.querySelector('#inputTextareaEval1') && (!event || (event &&","                    event.currentTarget &&","                    event.currentTarget.className &&","                    event.currentTarget.className.includes &&","                    event.currentTarget.className.includes('oneval')))) {","                // try to eval input-code","                try {","                    /*jslint evil: true*/","                    eval(document.querySelector('#inputTextareaEval1').value);","                } catch (errorCaught) {","                    console.error(errorCaught);","                }","            }","        };","        // log stderr and stdout to #outputTextareaStdout1","        ['error', 'log'].forEach(function (key) {","            console[key + '_original'] = console[key];","            console[key] = function () {","                var element;","                console[key + '_original'].apply(console, arguments);","                element = document.querySelector('#outputTextareaStdout1');","                if (!element) {","                    return;","                }","                // append text to #outputTextareaStdout1","                element.value += Array.from(arguments).map(function (arg) {","                    return typeof arg === 'string'","                        ? arg","                        : JSON.stringify(arg, null, 4);","                }).join(' ') + '\\n';","                // scroll textarea to bottom","                element.scrollTop = element.scrollHeight;","            };","        });","        // init event-handling","        ['change', 'click', 'keyup'].forEach(function (event) {","            Array.from(document.querySelectorAll('.on' + event)).forEach(function (element) {","                element.addEventListener(event, local.testRunBrowser);","            });","        });","        // run tests","        local.testRunBrowser();","        break;","","","","    // run node js-env code - init-after","    /* istanbul ignore next */","    case 'node':","        // export local","        module.exports = local;","        // require modules","        local.fs = require('fs');","        local.http = require('http');","        local.url = require('url');","        // init assets","        local.assetsDict = local.assetsDict || {};","        /* jslint-ignore-begin */","        local.assetsDict['/assets.index.template.html'] = '\\","<!doctype html>\\n\\","<html lang=\"en\">\\n\\","<head>\\n\\","<meta charset=\"UTF-8\">\\n\\","<meta name=\"viewport\" content=\"width=device-width, initial-scale=1\">\\n\\","<title>{{env.npm_package_name}} (v{{env.npm_package_version}})</title>\\n\\","<style>\\n\\","/*csslint\\n\\","    box-sizing: false,\\n\\","    universal-selector: false\\n\\","*/\\n\\","* {\\n\\","    box-sizing: border-box;\\n\\","}\\n\\","body {\\n\\","    background: #dde;\\n\\","    font-family: Arial, Helvetica, sans-serif;\\n\\","    margin: 2rem;\\n\\","}\\n\\","body > * {\\n\\","    margin-bottom: 1rem;\\n\\","}\\n\\",".utility2FooterDiv {\\n\\","    margin-top: 20px;\\n\\","    text-align: center;\\n\\","}\\n\\","</style>\\n\\","<style>\\n\\","/*csslint\\n\\","*/\\n\\","textarea {\\n\\","    font-family: monospace;\\n\\","    height: 10rem;\\n\\","    width: 100%;\\n\\","}\\n\\","textarea[readonly] {\\n\\","    background: #ddd;\\n\\","}\\n\\","</style>\\n\\","</head>\\n\\","<body>\\n\\","<!-- utility2-comment\\n\\","<div id=\"ajaxProgressDiv1\" style=\"background: #d00; height: 2px; left: 0; margin: 0; padding: 0; position: fixed; top: 0; transition: background 0.5s, width 1.5s; width: 25%;\"></div>\\n\\","utility2-comment -->\\n\\","<h1>\\n\\","<!-- utility2-comment\\n\\","    <a\\n\\","        {{#if env.npm_package_homepage}}\\n\\","        href=\"{{env.npm_package_homepage}}\"\\n\\","        {{/if env.npm_package_homepage}}\\n\\","        target=\"_blank\"\\n\\","    >\\n\\","utility2-comment -->\\n\\","        {{env.npm_package_name}} (v{{env.npm_package_version}})\\n\\","<!-- utility2-comment\\n\\","    </a>\\n\\","utility2-comment -->\\n\\","</h1>\\n\\","<h3>{{env.npm_package_description}}</h3>\\n\\","<!-- utility2-comment\\n\\","<h4><a download href=\"assets.app.js\">download standalone app</a></h4>\\n\\","<button class=\"onclick onreset\" id=\"testRunButton1\">run internal test</button><br>\\n\\","<div id=\"testReportDiv1\" style=\"display: none;\"></div>\\n\\","utility2-comment -->\\n\\","\\n\\","\\n\\","\\n\\","<label>stderr and stdout</label>\\n\\","<textarea class=\"resettable\" id=\"outputTextareaStdout1\" readonly></textarea>\\n\\","<!-- utility2-comment\\n\\","{{#if isRollup}}\\n\\","<script src=\"assets.app.js\"></script>\\n\\","{{#unless isRollup}}\\n\\","utility2-comment -->\\n\\","<script src=\"assets.utility2.rollup.js\"></script>\\n\\","<script src=\"jsonp.utility2._stateInit?callback=window.utility2._stateInit\"></script>\\n\\","<script src=\"assets.npmtest_velocity.rollup.js\"></script>\\n\\","<script src=\"assets.example.js\"></script>\\n\\","<script src=\"assets.test.js\"></script>\\n\\","<!-- utility2-comment\\n\\","{{/if isRollup}}\\n\\","utility2-comment -->\\n\\","<div class=\"utility2FooterDiv\">\\n\\","    [ this app was created with\\n\\","    <a href=\"https://github.com/kaizhu256/node-utility2\" target=\"_blank\">utility2</a>\\n\\","    ]\\n\\","</div>\\n\\","</body>\\n\\","</html>\\n\\","';","        /* jslint-ignore-end */","        if (local.templateRender) {","            local.assetsDict['/'] = local.templateRender(","                local.assetsDict['/assets.index.template.html'],","                {","                    env: local.objectSetDefault(local.env, {","                        npm_package_description: 'the greatest app in the world!',","                        npm_package_name: 'my-app',","                        npm_package_nameAlias: 'my_app',","                        npm_package_version: '0.0.1'","                    })","                }","            );","        } else {","            local.assetsDict['/'] = local.assetsDict['/assets.index.template.html']","                .replace((/\\{\\{env\\.(\\w+?)\\}\\}/g), function (match0, match1) {","                    // jslint-hack","                    String(match0);","                    switch (match1) {","                    case 'npm_package_description':","                        return 'the greatest app in the world!';","                    case 'npm_package_name':","                        return 'my-app';","                    case 'npm_package_nameAlias':","                        return 'my_app';","                    case 'npm_package_version':","                        return '0.0.1';","                    }","                });","        }","        // run the cli","        if (local.global.utility2_rollup || module !== require.main) {","            break;","        }","        local.assetsDict['/assets.example.js'] =","            local.assetsDict['/assets.example.js'] ||","            local.fs.readFileSync(__filename, 'utf8');","        // bug-workaround - long $npm_package_buildCustomOrg","        /* jslint-ignore-begin */","        local.assetsDict['/assets.npmtest_velocity.rollup.js'] =","            local.assetsDict['/assets.npmtest_velocity.rollup.js'] ||","            local.fs.readFileSync(","                local.npmtest_velocity.__dirname + '/lib.npmtest_velocity.js',","                'utf8'","            ).replace((/^#!/), '//');","        /* jslint-ignore-end */","        local.assetsDict['/favicon.ico'] = local.assetsDict['/favicon.ico'] || '';","        // if $npm_config_timeout_exit exists,","        // then exit this process after $npm_config_timeout_exit ms","        if (Number(process.env.npm_config_timeout_exit)) {","            setTimeout(process.exit, Number(process.env.npm_config_timeout_exit));","        }","        // start server","        if (local.global.utility2_serverHttp1) {","            break;","        }","        process.env.PORT = process.env.PORT || '8081';","        console.error('server starting on port ' + process.env.PORT);","        local.http.createServer(function (request, response) {","            request.urlParsed = local.url.parse(request.url);","            if (local.assetsDict[request.urlParsed.pathname] !== undefined) {","                response.end(local.assetsDict[request.urlParsed.pathname]);","                return;","            }","            response.statusCode = 404;","            response.end();","        }).listen(process.env.PORT);","        break;","    }","}());",""],"l":{"26":2,"28":2,"33":2,"35":2,"37":2,"38":2,"39":2,"44":1,"51":2,"55":2,"59":2,"61":2,"69":1,"70":2,"76":2,"79":2,"82":2,"83":2,"85":1,"89":2,"92":1,"93":1,"94":1,"96":1,"97":1,"100":1,"101":1,"103":1,"106":1,"108":2,"114":1,"116":1,"118":1,"123":1,"124":2,"125":2,"126":3,"127":3,"128":3,"129":3,"130":1,"133":3,"134":3,"139":3,"143":1,"144":3,"145":1,"149":1,"150":1,"158":1,"160":1,"161":1,"162":1,"164":1,"166":1,"258":1,"259":1,"271":1,"274":6,"275":6,"277":1,"279":2,"281":1,"283":2,"288":1,"289":1,"291":1,"296":1,"303":1,"306":1,"307":1,"310":1,"311":1,"313":1,"314":1,"315":1,"316":1,"317":1,"318":1,"319":1,"321":1,"322":1,"324":1}},"/home/travis/build/npmtest/node-npmtest-velocity/node_modules/velocity/index.js":{"path":"/home/travis/build/npmtest/node-npmtest-velocity/node_modules/velocity/index.js","s":{"1":1},"b":{},"f":{},"fnMap":{},"statementMap":{"1":{"start":{"line":1,"column":0},"end":{"line":1,"column":33}}},"branchMap":{},"code":["module.exports = require('./lib')",""],"l":{"1":1}},"/home/travis/build/npmtest/node-npmtest-velocity/node_modules/velocity/lib/index.js":{"path":"/home/travis/build/npmtest/node-npmtest-velocity/node_modules/velocity/lib/index.js","s":{"1":1},"b":{},"f":{},"fnMap":{},"statementMap":{"1":{"start":{"line":1,"column":0},"end":{"line":6,"column":1}}},"branchMap":{},"code":["module.exports = {","  Data: require('./data'),","  Engine: require('./engine'),","  parser: require('./engine/velocity'),","  dep: require('./dep')","}"],"l":{"1":1}},"/home/travis/build/npmtest/node-npmtest-velocity/node_modules/velocity/lib/data/index.js":{"path":"/home/travis/build/npmtest/node-npmtest-velocity/node_modules/velocity/lib/data/index.js","s":{"1":1,"2":1,"3":1,"4":1,"5":1,"6":1,"7":1,"8":1,"9":1,"10":1,"11":1,"12":1,"13":0,"14":0,"15":0,"16":0,"17":1,"18":1,"19":1,"20":1,"21":0,"22":0,"23":0,"24":0,"25":0,"26":0,"27":0,"28":0,"29":1,"30":0,"31":0,"32":0,"33":0,"34":0,"35":0,"36":0,"37":0,"38":0,"39":0,"40":0,"41":0,"42":0,"43":1,"44":0,"45":0,"46":0,"47":0,"48":0,"49":0,"50":0,"51":0,"52":0,"53":0,"54":0,"55":0,"56":0,"57":0,"58":0,"59":0,"60":0,"61":0,"62":1,"63":0,"64":0,"65":0,"66":1,"67":0,"68":0,"69":0,"70":0,"71":0,"72":0,"73":0,"74":1,"75":1},"b":{"1":[0,0],"2":[0,0],"3":[0,0],"4":[0,0],"5":[0,0],"6":[0,0],"7":[0,0],"8":[0,0],"9":[0,0],"10":[0,0],"11":[0,0]},"f":{"1":0,"2":0,"3":0,"4":0,"5":0,"6":0,"7":0,"8":0},"fnMap":{"1":{"name":"Data","line":16,"loc":{"start":{"line":16,"column":0},"end":{"line":16,"column":19}}},"2":{"name":"(anonymous_2)","line":35,"loc":{"start":{"line":35,"column":24},"end":{"line":35,"column":40}}},"3":{"name":"(anonymous_3)","line":38,"loc":{"start":{"line":38,"column":16},"end":{"line":38,"column":28}}},"4":{"name":"(anonymous_4)","line":42,"loc":{"start":{"line":42,"column":21},"end":{"line":42,"column":35}}},"5":{"name":"(anonymous_5)","line":55,"loc":{"start":{"line":55,"column":25},"end":{"line":55,"column":43}}},"6":{"name":"(anonymous_6)","line":87,"loc":{"start":{"line":87,"column":25},"end":{"line":87,"column":53}}},"7":{"name":"(anonymous_7)","line":114,"loc":{"start":{"line":114,"column":28},"end":{"line":114,"column":43}}},"8":{"name":"(anonymous_8)","line":121,"loc":{"start":{"line":121,"column":28},"end":{"line":121,"column":52}}}},"statementMap":{"1":{"start":{"line":1,"column":0},"end":{"line":1,"column":22}},"2":{"start":{"line":2,"column":0},"end":{"line":2,"column":26}},"3":{"start":{"line":3,"column":0},"end":{"line":3,"column":28}},"4":{"start":{"line":4,"column":0},"end":{"line":4,"column":39}},"5":{"start":{"line":5,"column":0},"end":{"line":5,"column":49}},"6":{"start":{"line":7,"column":0},"end":{"line":7,"column":33}},"7":{"start":{"line":8,"column":0},"end":{"line":8,"column":33}},"8":{"start":{"line":9,"column":0},"end":{"line":9,"column":40}},"9":{"start":{"line":11,"column":0},"end":{"line":11,"column":42}},"10":{"start":{"line":12,"column":0},"end":{"line":12,"column":43}},"11":{"start":{"line":13,"column":0},"end":{"line":13,"column":35}},"12":{"start":{"line":16,"column":0},"end":{"line":24,"column":1}},"13":{"start":{"line":17,"column":2},"end":{"line":17,"column":27}},"14":{"start":{"line":20,"column":2},"end":{"line":20,"column":17}},"15":{"start":{"line":21,"column":2},"end":{"line":23,"column":3}},"16":{"start":{"line":22,"column":4},"end":{"line":22,"column":31}},"17":{"start":{"line":27,"column":0},"end":{"line":27,"column":28}},"18":{"start":{"line":28,"column":0},"end":{"line":28,"column":26}},"19":{"start":{"line":31,"column":0},"end":{"line":31,"column":28}},"20":{"start":{"line":35,"column":0},"end":{"line":50,"column":1}},"21":{"start":{"line":36,"column":2},"end":{"line":36,"column":17}},"22":{"start":{"line":38,"column":2},"end":{"line":47,"column":4}},"23":{"start":{"line":39,"column":4},"end":{"line":39,"column":82}},"24":{"start":{"line":40,"column":4},"end":{"line":40,"column":35}},"25":{"start":{"line":41,"column":4},"end":{"line":41,"column":36}},"26":{"start":{"line":42,"column":4},"end":{"line":46,"column":6}},"27":{"start":{"line":43,"column":6},"end":{"line":45,"column":7}},"28":{"start":{"line":44,"column":8},"end":{"line":44,"column":27}},"29":{"start":{"line":55,"column":0},"end":{"line":85,"column":1}},"30":{"start":{"line":56,"column":2},"end":{"line":60,"column":3}},"31":{"start":{"line":57,"column":4},"end":{"line":57,"column":44}},"32":{"start":{"line":59,"column":4},"end":{"line":59,"column":52}},"33":{"start":{"line":61,"column":2},"end":{"line":61,"column":37}},"34":{"start":{"line":63,"column":2},"end":{"line":63,"column":39}},"35":{"start":{"line":65,"column":2},"end":{"line":65,"column":38}},"36":{"start":{"line":66,"column":2},"end":{"line":66,"column":9}},"37":{"start":{"line":68,"column":2},"end":{"line":72,"column":3}},"38":{"start":{"line":69,"column":4},"end":{"line":69,"column":29}},"39":{"start":{"line":71,"column":4},"end":{"line":71,"column":30}},"40":{"start":{"line":74,"column":2},"end":{"line":79,"column":3}},"41":{"start":{"line":75,"column":4},"end":{"line":78,"column":5}},"42":{"start":{"line":81,"column":2},"end":{"line":84,"column":3}},"43":{"start":{"line":87,"column":0},"end":{"line":112,"column":1}},"44":{"start":{"line":88,"column":2},"end":{"line":88,"column":17}},"45":{"start":{"line":89,"column":2},"end":{"line":89,"column":43}},"46":{"start":{"line":91,"column":2},"end":{"line":91,"column":40}},"47":{"start":{"line":91,"column":15},"end":{"line":91,"column":40}},"48":{"start":{"line":92,"column":2},"end":{"line":92,"column":26}},"49":{"start":{"line":94,"column":2},"end":{"line":94,"column":25}},"50":{"start":{"line":95,"column":2},"end":{"line":97,"column":3}},"51":{"start":{"line":96,"column":4},"end":{"line":96,"column":63}},"52":{"start":{"line":99,"column":2},"end":{"line":99,"column":38}},"53":{"start":{"line":101,"column":2},"end":{"line":105,"column":3}},"54":{"start":{"line":102,"column":4},"end":{"line":102,"column":36}},"55":{"start":{"line":104,"column":4},"end":{"line":104,"column":63}},"56":{"start":{"line":107,"column":2},"end":{"line":107,"column":23}},"57":{"start":{"line":108,"column":2},"end":{"line":108,"column":26}},"58":{"start":{"line":109,"column":2},"end":{"line":109,"column":20}},"59":{"start":{"line":110,"column":2},"end":{"line":110,"column":32}},"60":{"start":{"line":110,"column":15},"end":{"line":110,"column":32}},"61":{"start":{"line":111,"column":2},"end":{"line":111,"column":11}},"62":{"start":{"line":114,"column":0},"end":{"line":119,"column":1}},"63":{"start":{"line":115,"column":2},"end":{"line":118,"column":3}},"64":{"start":{"line":116,"column":4},"end":{"line":116,"column":25}},"65":{"start":{"line":117,"column":4},"end":{"line":117,"column":21}},"66":{"start":{"line":121,"column":0},"end":{"line":132,"column":1}},"67":{"start":{"line":122,"column":2},"end":{"line":122,"column":51}},"68":{"start":{"line":123,"column":2},"end":{"line":123,"column":20}},"69":{"start":{"line":124,"column":6},"end":{"line":124,"column":18}},"70":{"start":{"line":125,"column":2},"end":{"line":125,"column":44}},"71":{"start":{"line":127,"column":2},"end":{"line":127,"column":28}},"72":{"start":{"line":128,"column":6},"end":{"line":130,"column":49}},"73":{"start":{"line":131,"column":2},"end":{"line":131,"column":9}},"74":{"start":{"line":134,"column":0},"end":{"line":140,"column":1}},"75":{"start":{"line":142,"column":0},"end":{"line":142,"column":21}}},"branchMap":{"1":{"line":21,"type":"if","locations":[{"start":{"line":21,"column":2},"end":{"line":21,"column":2}},{"start":{"line":21,"column":2},"end":{"line":21,"column":2}}]},"2":{"line":39,"type":"cond-expr","locations":[{"start":{"line":39,"column":29},"end":{"line":39,"column":74}},{"start":{"line":39,"column":77},"end":{"line":39,"column":82}}]},"3":{"line":43,"type":"if","locations":[{"start":{"line":43,"column":6},"end":{"line":43,"column":6}},{"start":{"line":43,"column":6},"end":{"line":43,"column":6}}]},"4":{"line":56,"type":"if","locations":[{"start":{"line":56,"column":2},"end":{"line":56,"column":2}},{"start":{"line":56,"column":2},"end":{"line":56,"column":2}}]},"5":{"line":59,"type":"cond-expr","locations":[{"start":{"line":59,"column":40},"end":{"line":59,"column":47}},{"start":{"line":59,"column":50},"end":{"line":59,"column":52}}]},"6":{"line":68,"type":"if","locations":[{"start":{"line":68,"column":2},"end":{"line":68,"column":2}},{"start":{"line":68,"column":2},"end":{"line":68,"column":2}}]},"7":{"line":74,"type":"if","locations":[{"start":{"line":74,"column":2},"end":{"line":74,"column":2}},{"start":{"line":74,"column":2},"end":{"line":74,"column":2}}]},"8":{"line":89,"type":"binary-expr","locations":[{"start":{"line":89,"column":14},"end":{"line":89,"column":22}},{"start":{"line":89,"column":26},"end":{"line":89,"column":43}}]},"9":{"line":91,"type":"if","locations":[{"start":{"line":91,"column":2},"end":{"line":91,"column":2}},{"start":{"line":91,"column":2},"end":{"line":91,"column":2}}]},"10":{"line":95,"type":"if","locations":[{"start":{"line":95,"column":2},"end":{"line":95,"column":2}},{"start":{"line":95,"column":2},"end":{"line":95,"column":2}}]},"11":{"line":110,"type":"if","locations":[{"start":{"line":110,"column":2},"end":{"line":110,"column":2}},{"start":{"line":110,"column":2},"end":{"line":110,"column":2}}]}},"code":["var fs = require('fs')","var path = require('path')","var utilx = require('utilx')","var inherits = require('util').inherits","var EventEmitter = require('events').EventEmitter","","var logger = require('../logger')","var common = require('../common')","var handleCfg = require('../handle-cfg')","","var parser = require('../engine/velocity')","var formatter = require('./data-formatter')","var STATS = require('./data-stats')","","","function Data(cfg) {","  this.cfg = handleCfg(cfg)","","  // global macro","  this.macro = {}","  if (this.cfg.macro) {","    this.GMacro(this.cfg.macro)","  }","}","","","Data.tostr = formatter.tostr","Data.dump = formatter.dump","","","inherits(Data, EventEmitter)","","","// process global macro","Data.prototype.GMacro = function(macro) {","  var that = this","","  macro.forEach(function(m) {","    var content = m.isFile ? utilx.readFile(m.fullPath, that.cfg.encoding) : m.raw","    var ast = parser.parse(content)","    m.lines = content.split(/\\r?\\n/)","    ast.body.forEach(function(node){","      if (node.type === 'Macro') {","        that.Macro(node, m)","      }","    })","  })","","  // logger.debug('Macro', this.macro)","}","","////////////////////////////","// the only public method //","////////////////////////////","Data.prototype.extract = function(context) {","  if (utilx.isExistedFile(context)) {","    context = require(path.resolve(context))","  } else {","    context = utilx.isObject(context) ? context : {}","  }","  context = formatter.expand(context)","","  var interData = this.Extract(context)","","  var raw = formatter.clean(interData)","  var str","","  if (this.cfg.dump) {","    str = formatter.dump(raw)","  } else {","    str = formatter.tostr(raw)","  }","","  if (this.cfg.output) {","    fs.writeFileSync(","      this.cfg.output,","      'module.exports = ' + str + '\\n'","    )","  }","","  return {","    raw: raw,","    str: str","  }","}","","Data.prototype.Extract = function(context, template) {","  var that = this","  var templ = template || this.cfg.template","","  if (context) this.pushContext(context)","  this.pushTemplate(templ)","","  var content = templ.raw","  if (templ.isFile) {","    content = utilx.readFile(templ.fullPath, this.cfg.encoding)","  }","","  templ.lines = content.split(/\\r?\\n/)","","  try {","    var node = parser.parse(content)","  } catch (e) {","    this.throwError(e.message, common.getPosFromParserError(e))","  }","","  this[node.type](node)","  var rt = this.topContext","  this.popTemplate()","  if (context) this.popContext()","  return rt","}","","Data.prototype.Statements = function(node) {","  for (var i = 0; i < node.body.length; i++) {","    var cn = node.body[i]","    this[cn.type](cn)","  }","}","","Data.prototype.throwError = function (message, pos) {","  var loc = common.getRealLoc([this.template, pos])","  var templ = loc[0]","      pos = loc[1]","  var line = templ.lines[pos.first_line - 1]","","  var e = new Error(message)","      e.stack = common.markError(line, pos) +","                'Error: ' + e.message +","                '\\n    at ' + common.loc2str(loc)","  throw e","}","","utilx.mix(","  Data.prototype,","  require('../engine/engine-stack'),","  require('./data-ref'),","  require('./data-expr'),","  require('./data-direc')",")","","module.exports = Data","","","",""],"l":{"1":1,"2":1,"3":1,"4":1,"5":1,"7":1,"8":1,"9":1,"11":1,"12":1,"13":1,"16":1,"17":0,"20":0,"21":0,"22":0,"27":1,"28":1,"31":1,"35":1,"36":0,"38":0,"39":0,"40":0,"41":0,"42":0,"43":0,"44":0,"55":1,"56":0,"57":0,"59":0,"61":0,"63":0,"65":0,"66":0,"68":0,"69":0,"71":0,"74":0,"75":0,"81":0,"87":1,"88":0,"89":0,"91":0,"92":0,"94":0,"95":0,"96":0,"99":0,"101":0,"102":0,"104":0,"107":0,"108":0,"109":0,"110":0,"111":0,"114":1,"115":0,"116":0,"117":0,"121":1,"122":0,"123":0,"124":0,"125":0,"127":0,"128":0,"131":0,"134":1,"142":1}},"/home/travis/build/npmtest/node-npmtest-velocity/node_modules/velocity/lib/logger.js":{"path":"/home/travis/build/npmtest/node-npmtest-velocity/node_modules/velocity/lib/logger.js","s":{"1":1,"2":1,"3":1,"4":1,"5":2,"6":0,"7":1,"8":0,"9":0,"10":0,"11":0,"12":0},"b":{"1":[0,2],"2":[0,0],"3":[0,0]},"f":{"1":2,"2":0},"fnMap":{"1":{"name":"(anonymous_1)","line":5,"loc":{"start":{"line":5,"column":21},"end":{"line":5,"column":47}}},"2":{"name":"(anonymous_2)","line":24,"loc":{"start":{"line":24,"column":13},"end":{"line":24,"column":28}}}},"statementMap":{"1":{"start":{"line":1,"column":0},"end":{"line":1,"column":34}},"2":{"start":{"line":3,"column":0},"end":{"line":3,"column":47}},"3":{"start":{"line":4,"column":0},"end":{"line":4,"column":21}},"4":{"start":{"line":5,"column":0},"end":{"line":9,"column":2}},"5":{"start":{"line":6,"column":2},"end":{"line":8,"column":3}},"6":{"start":{"line":7,"column":4},"end":{"line":7,"column":22}},"7":{"start":{"line":11,"column":0},"end":{"line":34,"column":2}},"8":{"start":{"line":25,"column":4},"end":{"line":25,"column":27}},"9":{"start":{"line":26,"column":4},"end":{"line":32,"column":5}},"10":{"start":{"line":27,"column":6},"end":{"line":31,"column":7}},"11":{"start":{"line":28,"column":8},"end":{"line":28,"column":37}},"12":{"start":{"line":30,"column":8},"end":{"line":30,"column":32}}},"branchMap":{"1":{"line":6,"type":"if","locations":[{"start":{"line":6,"column":2},"end":{"line":6,"column":2}},{"start":{"line":6,"column":2},"end":{"line":6,"column":2}}]},"2":{"line":26,"type":"if","locations":[{"start":{"line":26,"column":4},"end":{"line":26,"column":4}},{"start":{"line":26,"column":4},"end":{"line":26,"column":4}}]},"3":{"line":27,"type":"if","locations":[{"start":{"line":27,"column":6},"end":{"line":27,"column":6}},{"start":{"line":27,"column":6},"end":{"line":27,"column":6}}]}},"code":["var colorful = require('colorful')","","var levels = ['debug', 'info', 'warn', 'error']","var logLevel = 'info'","process.argv.forEach(function(item, idx, list) {","  if (item.match(/^(--debug|-[a-zA-Z]*d[a-zA-Z]*)$/)) {","    logLevel = 'debug'","  }","})","","module.exports = require('tracer').colorConsole({","  depth: null,","  methods: levels,","  level: logLevel,","","  format: \"{{title}}: {{message}} ({{file}}: {{line}})\",","","  filters: {","    info: colorful.gray,","    warn: colorful.yellow,","    error: colorful.red","  },","","  transport: function(data) {","    var title = data.title;","    if (levels.indexOf(title) >= levels.indexOf(logLevel)) {","      if (title === 'error') {","        throw new Error(data.message)","      } else {","        console.log(data.output)","      }","    }","  }","})"],"l":{"1":1,"3":1,"4":1,"5":1,"6":2,"7":0,"11":1,"25":0,"26":0,"27":0,"28":0,"30":0}},"/home/travis/build/npmtest/node-npmtest-velocity/node_modules/velocity/lib/common.js":{"path":"/home/travis/build/npmtest/node-npmtest-velocity/node_modules/velocity/lib/common.js","s":{"1":1,"2":1,"3":1,"4":1,"5":1,"6":1,"7":0,"8":0,"9":0,"10":0,"11":0,"12":0,"13":0,"14":1,"15":0,"16":0,"17":0,"18":0,"19":0,"20":0,"21":0,"22":1,"23":0,"24":0,"25":0,"26":0,"27":0,"28":0,"29":1,"30":0,"31":0,"32":0,"33":0,"34":0,"35":0,"36":0,"37":0,"38":0,"39":0,"40":0,"41":0,"42":0,"43":0,"44":0,"45":1,"46":0,"47":1,"48":0,"49":0,"50":0,"51":0,"52":0,"53":1,"54":0,"55":0,"56":0,"57":0,"58":0,"59":0,"60":0,"61":1,"62":0,"63":0,"64":0,"65":0,"66":0,"67":0,"68":0,"69":1,"70":0,"71":0,"72":0,"73":0,"74":0,"75":0,"76":0,"77":1,"78":0,"79":0,"80":0,"81":0,"82":1,"83":1,"84":1,"85":0,"86":0,"87":0,"88":0,"89":0,"90":0,"91":0,"92":0,"93":0,"94":1,"95":0,"96":0,"97":0,"98":0,"99":0,"100":1,"101":0,"102":0,"103":0,"104":0,"105":0,"106":0,"107":0,"108":0,"109":0,"110":0,"111":0},"b":{"1":[0,0],"2":[0,0],"3":[0,0],"4":[0,0],"5":[0,0],"6":[0,0],"7":[0,0],"8":[0,0],"9":[0,0],"10":[0,0],"11":[0,0],"12":[0,0],"13":[0,0],"14":[0,0],"15":[0,0],"16":[0,0,0],"17":[0,0],"18":[0,0],"19":[0,0],"20":[0,0],"21":[0,0],"22":[0,0],"23":[0,0],"24":[0,0],"25":[0,0],"26":[0,0],"27":[0,0],"28":[0,0],"29":[0,0],"30":[0,0]},"f":{"1":0,"2":0,"3":0,"4":0,"5":0,"6":0,"7":0,"8":0,"9":0,"10":0,"11":0,"12":0,"13":0},"fnMap":{"1":{"name":"(anonymous_1)","line":9,"loc":{"start":{"line":9,"column":21},"end":{"line":9,"column":39}}},"2":{"name":"(anonymous_2)","line":20,"loc":{"start":{"line":20,"column":22},"end":{"line":20,"column":46}}},"3":{"name":"(anonymous_3)","line":31,"loc":{"start":{"line":31,"column":18},"end":{"line":31,"column":42}}},"4":{"name":"(anonymous_4)","line":41,"loc":{"start":{"line":41,"column":25},"end":{"line":41,"column":46}}},"5":{"name":"(anonymous_5)","line":65,"loc":{"start":{"line":65,"column":15},"end":{"line":65,"column":30}}},"6":{"name":"(anonymous_6)","line":69,"loc":{"start":{"line":69,"column":26},"end":{"line":69,"column":38}}},"7":{"name":"(anonymous_7)","line":75,"loc":{"start":{"line":75,"column":20},"end":{"line":75,"column":32}}},"8":{"name":"(anonymous_8)","line":82,"loc":{"start":{"line":82,"column":20},"end":{"line":82,"column":40}}},"9":{"name":"(anonymous_9)","line":93,"loc":{"start":{"line":93,"column":21},"end":{"line":93,"column":35}}},"10":{"name":"(anonymous_10)","line":104,"loc":{"start":{"line":104,"column":18},"end":{"line":104,"column":32}}},"11":{"name":"(anonymous_11)","line":131,"loc":{"start":{"line":131,"column":32},"end":{"line":131,"column":44}}},"12":{"name":"trim","line":151,"loc":{"start":{"line":151,"column":0},"end":{"line":151,"column":24}}},"13":{"name":"(anonymous_13)","line":158,"loc":{"start":{"line":158,"column":25},"end":{"line":158,"column":43}}}},"statementMap":{"1":{"start":{"line":1,"column":0},"end":{"line":1,"column":22}},"2":{"start":{"line":2,"column":0},"end":{"line":2,"column":26}},"3":{"start":{"line":3,"column":0},"end":{"line":3,"column":28}},"4":{"start":{"line":5,"column":0},"end":{"line":5,"column":32}},"5":{"start":{"line":6,"column":0},"end":{"line":6,"column":40}},"6":{"start":{"line":9,"column":0},"end":{"line":18,"column":1}},"7":{"start":{"line":10,"column":2},"end":{"line":10,"column":19}},"8":{"start":{"line":10,"column":13},"end":{"line":10,"column":19}},"9":{"start":{"line":11,"column":2},"end":{"line":11,"column":32}},"10":{"start":{"line":12,"column":2},"end":{"line":17,"column":3}},"11":{"start":{"line":13,"column":4},"end":{"line":13,"column":19}},"12":{"start":{"line":14,"column":4},"end":{"line":16,"column":5}},"13":{"start":{"line":15,"column":6},"end":{"line":15,"column":39}},"14":{"start":{"line":20,"column":0},"end":{"line":29,"column":1}},"15":{"start":{"line":21,"column":2},"end":{"line":21,"column":19}},"16":{"start":{"line":21,"column":13},"end":{"line":21,"column":19}},"17":{"start":{"line":22,"column":2},"end":{"line":28,"column":3}},"18":{"start":{"line":23,"column":4},"end":{"line":23,"column":19}},"19":{"start":{"line":24,"column":4},"end":{"line":24,"column":40}},"20":{"start":{"line":25,"column":4},"end":{"line":27,"column":5}},"21":{"start":{"line":26,"column":6},"end":{"line":26,"column":21}},"22":{"start":{"line":31,"column":0},"end":{"line":39,"column":1}},"23":{"start":{"line":32,"column":2},"end":{"line":32,"column":19}},"24":{"start":{"line":32,"column":13},"end":{"line":32,"column":19}},"25":{"start":{"line":33,"column":2},"end":{"line":38,"column":3}},"26":{"start":{"line":34,"column":4},"end":{"line":34,"column":19}},"27":{"start":{"line":35,"column":4},"end":{"line":37,"column":5}},"28":{"start":{"line":36,"column":6},"end":{"line":36,"column":14}},"29":{"start":{"line":41,"column":0},"end":{"line":62,"column":1}},"30":{"start":{"line":42,"column":2},"end":{"line":42,"column":25}},"31":{"start":{"line":43,"column":2},"end":{"line":43,"column":24}},"32":{"start":{"line":44,"column":2},"end":{"line":44,"column":27}},"33":{"start":{"line":45,"column":2},"end":{"line":45,"column":26}},"34":{"start":{"line":47,"column":2},"end":{"line":49,"column":3}},"35":{"start":{"line":48,"column":4},"end":{"line":48,"column":42}},"36":{"start":{"line":51,"column":2},"end":{"line":51,"column":13}},"37":{"start":{"line":52,"column":2},"end":{"line":60,"column":3}},"38":{"start":{"line":53,"column":4},"end":{"line":53,"column":27}},"39":{"start":{"line":54,"column":4},"end":{"line":58,"column":5}},"40":{"start":{"line":55,"column":6},"end":{"line":55,"column":31}},"41":{"start":{"line":56,"column":11},"end":{"line":58,"column":5}},"42":{"start":{"line":57,"column":6},"end":{"line":57,"column":34}},"43":{"start":{"line":59,"column":4},"end":{"line":59,"column":17}},"44":{"start":{"line":61,"column":2},"end":{"line":61,"column":35}},"45":{"start":{"line":65,"column":0},"end":{"line":67,"column":1}},"46":{"start":{"line":66,"column":2},"end":{"line":66,"column":42}},"47":{"start":{"line":69,"column":0},"end":{"line":73,"column":1}},"48":{"start":{"line":70,"column":2},"end":{"line":70,"column":38}},"49":{"start":{"line":70,"column":27},"end":{"line":70,"column":38}},"50":{"start":{"line":71,"column":2},"end":{"line":71,"column":72}},"51":{"start":{"line":71,"column":61},"end":{"line":71,"column":72}},"52":{"start":{"line":72,"column":2},"end":{"line":72,"column":14}},"53":{"start":{"line":75,"column":0},"end":{"line":80,"column":1}},"54":{"start":{"line":76,"column":2},"end":{"line":76,"column":16}},"55":{"start":{"line":76,"column":10},"end":{"line":76,"column":16}},"56":{"start":{"line":77,"column":2},"end":{"line":77,"column":35}},"57":{"start":{"line":77,"column":18},"end":{"line":77,"column":35}},"58":{"start":{"line":78,"column":2},"end":{"line":78,"column":23}},"59":{"start":{"line":79,"column":2},"end":{"line":79,"column":100}},"60":{"start":{"line":79,"column":92},"end":{"line":79,"column":100}},"61":{"start":{"line":82,"column":0},"end":{"line":90,"column":1}},"62":{"start":{"line":83,"column":2},"end":{"line":83,"column":30}},"63":{"start":{"line":83,"column":21},"end":{"line":83,"column":30}},"64":{"start":{"line":85,"column":2},"end":{"line":85,"column":22}},"65":{"start":{"line":86,"column":6},"end":{"line":86,"column":53}},"66":{"start":{"line":87,"column":2},"end":{"line":87,"column":95}},"67":{"start":{"line":88,"column":6},"end":{"line":88,"column":45}},"68":{"start":{"line":89,"column":2},"end":{"line":89,"column":11}},"69":{"start":{"line":93,"column":0},"end":{"line":101,"column":1}},"70":{"start":{"line":94,"column":2},"end":{"line":94,"column":20}},"71":{"start":{"line":95,"column":2},"end":{"line":95,"column":18}},"72":{"start":{"line":96,"column":2},"end":{"line":96,"column":27}},"73":{"start":{"line":97,"column":2},"end":{"line":99,"column":3}},"74":{"start":{"line":98,"column":4},"end":{"line":98,"column":46}},"75":{"start":{"line":98,"column":41},"end":{"line":98,"column":46}},"76":{"start":{"line":100,"column":2},"end":{"line":100,"column":21}},"77":{"start":{"line":104,"column":0},"end":{"line":109,"column":1}},"78":{"start":{"line":105,"column":2},"end":{"line":105,"column":20}},"79":{"start":{"line":106,"column":2},"end":{"line":106,"column":18}},"80":{"start":{"line":107,"column":2},"end":{"line":107,"column":64}},"81":{"start":{"line":108,"column":2},"end":{"line":108,"column":72}},"82":{"start":{"line":129,"column":0},"end":{"line":129,"column":36}},"83":{"start":{"line":130,"column":0},"end":{"line":130,"column":26}},"84":{"start":{"line":131,"column":0},"end":{"line":149,"column":1}},"85":{"start":{"line":132,"column":2},"end":{"line":132,"column":21}},"86":{"start":{"line":133,"column":2},"end":{"line":133,"column":41}},"87":{"start":{"line":134,"column":2},"end":{"line":134,"column":40}},"88":{"start":{"line":135,"column":2},"end":{"line":140,"column":3}},"89":{"start":{"line":142,"column":2},"end":{"line":146,"column":3}},"90":{"start":{"line":143,"column":4},"end":{"line":143,"column":39}},"91":{"start":{"line":144,"column":4},"end":{"line":144,"column":25}},"92":{"start":{"line":145,"column":4},"end":{"line":145,"column":24}},"93":{"start":{"line":148,"column":2},"end":{"line":148,"column":12}},"94":{"start":{"line":151,"column":0},"end":{"line":156,"column":1}},"95":{"start":{"line":152,"column":2},"end":{"line":152,"column":17}},"96":{"start":{"line":153,"column":2},"end":{"line":153,"column":48}},"97":{"start":{"line":154,"column":2},"end":{"line":154,"column":35}},"98":{"start":{"line":154,"column":23},"end":{"line":154,"column":35}},"99":{"start":{"line":155,"column":2},"end":{"line":155,"column":12}},"100":{"start":{"line":158,"column":0},"end":{"line":175,"column":1}},"101":{"start":{"line":159,"column":2},"end":{"line":173,"column":3}},"102":{"start":{"line":160,"column":4},"end":{"line":161,"column":5}},"103":{"start":{"line":161,"column":5},"end":{"line":161,"column":28}},"104":{"start":{"line":162,"column":4},"end":{"line":162,"column":24}},"105":{"start":{"line":163,"column":9},"end":{"line":173,"column":3}},"106":{"start":{"line":165,"column":9},"end":{"line":173,"column":3}},"107":{"start":{"line":166,"column":4},"end":{"line":170,"column":5}},"108":{"start":{"line":167,"column":6},"end":{"line":167,"column":41}},"109":{"start":{"line":169,"column":6},"end":{"line":169,"column":47}},"110":{"start":{"line":172,"column":4},"end":{"line":172,"column":17}},"111":{"start":{"line":174,"column":2},"end":{"line":174,"column":16}}},"branchMap":{"1":{"line":10,"type":"if","locations":[{"start":{"line":10,"column":2},"end":{"line":10,"column":2}},{"start":{"line":10,"column":2},"end":{"line":10,"column":2}}]},"2":{"line":14,"type":"if","locations":[{"start":{"line":14,"column":4},"end":{"line":14,"column":4}},{"start":{"line":14,"column":4},"end":{"line":14,"column":4}}]},"3":{"line":21,"type":"if","locations":[{"start":{"line":21,"column":2},"end":{"line":21,"column":2}},{"start":{"line":21,"column":2},"end":{"line":21,"column":2}}]},"4":{"line":25,"type":"if","locations":[{"start":{"line":25,"column":4},"end":{"line":25,"column":4}},{"start":{"line":25,"column":4},"end":{"line":25,"column":4}}]},"5":{"line":32,"type":"if","locations":[{"start":{"line":32,"column":2},"end":{"line":32,"column":2}},{"start":{"line":32,"column":2},"end":{"line":32,"column":2}}]},"6":{"line":35,"type":"if","locations":[{"start":{"line":35,"column":4},"end":{"line":35,"column":4}},{"start":{"line":35,"column":4},"end":{"line":35,"column":4}}]},"7":{"line":47,"type":"if","locations":[{"start":{"line":47,"column":2},"end":{"line":47,"column":2}},{"start":{"line":47,"column":2},"end":{"line":47,"column":2}}]},"8":{"line":54,"type":"if","locations":[{"start":{"line":54,"column":4},"end":{"line":54,"column":4}},{"start":{"line":54,"column":4},"end":{"line":54,"column":4}}]},"9":{"line":56,"type":"if","locations":[{"start":{"line":56,"column":11},"end":{"line":56,"column":11}},{"start":{"line":56,"column":11},"end":{"line":56,"column":11}}]},"10":{"line":70,"type":"if","locations":[{"start":{"line":70,"column":2},"end":{"line":70,"column":2}},{"start":{"line":70,"column":2},"end":{"line":70,"column":2}}]},"11":{"line":71,"type":"if","locations":[{"start":{"line":71,"column":2},"end":{"line":71,"column":2}},{"start":{"line":71,"column":2},"end":{"line":71,"column":2}}]},"12":{"line":71,"type":"binary-expr","locations":[{"start":{"line":71,"column":6},"end":{"line":71,"column":26}},{"start":{"line":71,"column":30},"end":{"line":71,"column":59}}]},"13":{"line":76,"type":"if","locations":[{"start":{"line":76,"column":2},"end":{"line":76,"column":2}},{"start":{"line":76,"column":2},"end":{"line":76,"column":2}}]},"14":{"line":77,"type":"if","locations":[{"start":{"line":77,"column":2},"end":{"line":77,"column":2}},{"start":{"line":77,"column":2},"end":{"line":77,"column":2}}]},"15":{"line":79,"type":"if","locations":[{"start":{"line":79,"column":2},"end":{"line":79,"column":2}},{"start":{"line":79,"column":2},"end":{"line":79,"column":2}}]},"16":{"line":79,"type":"binary-expr","locations":[{"start":{"line":79,"column":6},"end":{"line":79,"column":29}},{"start":{"line":79,"column":33},"end":{"line":79,"column":61}},{"start":{"line":79,"column":65},"end":{"line":79,"column":90}}]},"17":{"line":83,"type":"if","locations":[{"start":{"line":83,"column":2},"end":{"line":83,"column":2}},{"start":{"line":83,"column":2},"end":{"line":83,"column":2}}]},"18":{"line":83,"type":"binary-expr","locations":[{"start":{"line":83,"column":6},"end":{"line":83,"column":11}},{"start":{"line":83,"column":15},"end":{"line":83,"column":19}}]},"19":{"line":87,"type":"cond-expr","locations":[{"start":{"line":87,"column":46},"end":{"line":87,"column":61}},{"start":{"line":87,"column":64},"end":
[...]
ubstr(0, this.yytext.length - len - 1);","        //this.yyleng -= len;","        this.offset -= len;","        var oldLines = this.match.split(/(?:\\r\\n?|\\n)/g);","        this.match = this.match.substr(0, this.match.length - 1);","        this.matched = this.matched.substr(0, this.matched.length - 1);","","        if (lines.length - 1) {","            this.yylineno -= lines.length - 1;","        }","        var r = this.yylloc.range;","","        this.yylloc = {","            first_line: this.yylloc.first_line,","            last_line: this.yylineno + 1,","            first_column: this.yylloc.first_column,","            last_column: lines ?","                (lines.length === oldLines.length ? this.yylloc.first_column : 0)","                 + oldLines[oldLines.length - lines.length].length - lines[0].length :","              this.yylloc.first_column - len","        };","","        if (this.options.ranges) {","            this.yylloc.range = [r[0], r[0] + this.yyleng - len];","        }","        this.yyleng = this.yytext.length;","        return this;","    },","","// When called from action, caches matched text and appends it on next action","more:function () {","        this._more = true;","        return this;","    },","","// When called from action, signals the lexer that this rule fails to match the input, so the next matching rule (regex) should be tested instead.","reject:function () {","        if (this.options.backtrack_lexer) {","            this._backtrack = true;","        } else {","            return this.parseError('Lexical error on line ' + (this.yylineno + 1) + '. You can only invoke reject() in the lexer when the lexer is of the backtracking persuasion (options.backtrack_lexer = true).\\n' + this.showPosition(), {","                text: \"\",","                token: null,","                line: this.yylineno","            });","","        }","        return this;","    },","","// retain first n characters of the match","less:function (n) {","        this.unput(this.match.slice(n));","    },","","// displays already matched input, i.e. for error messages","pastInput:function () {","        var past = this.matched.substr(0, this.matched.length - this.match.length);","        return (past.length > 20 ? '...':'') + past.substr(-20).replace(/\\n/g, \"\");","    },","","// displays upcoming input, i.e. for error messages","upcomingInput:function () {","        var next = this.match;","        if (next.length < 20) {","            next += this._input.substr(0, 20-next.length);","        }","        return (next.substr(0,20) + (next.length > 20 ? '...' : '')).replace(/\\n/g, \"\");","    },","","// displays the character position where the lexing error occurred, i.e. for error messages","showPosition:function () {","        var pre = this.pastInput();","        var c = new Array(pre.length + 1).join(\"-\");","        return pre + this.upcomingInput() + \"\\n\" + c + \"^\";","    },","","// test the lexed token: return FALSE when not a match, otherwise return token","test_match:function (match, indexed_rule) {","        var token,","            lines,","            backup;","","        if (this.options.backtrack_lexer) {","            // save context","            backup = {","                yylineno: this.yylineno,","                yylloc: {","                    first_line: this.yylloc.first_line,","                    last_line: this.last_line,","                    first_column: this.yylloc.first_column,","                    last_column: this.yylloc.last_column","                },","                yytext: this.yytext,","                match: this.match,","                matches: this.matches,","                matched: this.matched,","                yyleng: this.yyleng,","                offset: this.offset,","                _more: this._more,","                _input: this._input,","                yy: this.yy,","                conditionStack: this.conditionStack.slice(0),","                done: this.done","            };","            if (this.options.ranges) {","                backup.yylloc.range = this.yylloc.range.slice(0);","            }","        }","","        lines = match[0].match(/(?:\\r\\n?|\\n).*/g);","        if (lines) {","            this.yylineno += lines.length;","        }","        this.yylloc = {","            first_line: this.yylloc.last_line,","            last_line: this.yylineno + 1,","            first_column: this.yylloc.last_column,","            last_column: lines ?","                         lines[lines.length - 1].length - lines[lines.length - 1].match(/\\r?\\n?/)[0].length :","                         this.yylloc.last_column + match[0].length","        };","        this.yytext += match[0];","        this.match += match[0];","        this.matches = match;","        this.yyleng = this.yytext.length;","        if (this.options.ranges) {","            this.yylloc.range = [this.offset, this.offset += this.yyleng];","        }","        this._more = false;","        this._backtrack = false;","        this._input = this._input.slice(match[0].length);","        this.matched += match[0];","        token = this.performAction.call(this, this.yy, this, indexed_rule, this.conditionStack[this.conditionStack.length - 1]);","        if (this.done && this._input) {","            this.done = false;","        }","        if (token) {","            return token;","        } else if (this._backtrack) {","            // recover context","            for (var k in backup) {","                this[k] = backup[k];","            }","            return false; // rule action called reject() implying the next rule should be tested instead.","        }","        return false;","    },","","// return next match in input","next:function () {","        if (this.done) {","            return this.EOF;","        }","        if (!this._input) {","            this.done = true;","        }","","        var token,","            match,","            tempMatch,","            index;","        if (!this._more) {","            this.yytext = '';","            this.match = '';","        }","        var rules = this._currentRules();","        for (var i = 0; i < rules.length; i++) {","            tempMatch = this._input.match(this.rules[rules[i]]);","            if (tempMatch && (!match || tempMatch[0].length > match[0].length)) {","                match = tempMatch;","                index = i;","                if (this.options.backtrack_lexer) {","                    token = this.test_match(tempMatch, rules[i]);","                    if (token !== false) {","                        return token;","                    } else if (this._backtrack) {","                        match = false;","                        continue; // rule action called reject() implying a rule MISmatch.","                    } else {","                        // else: this is a lexer rule which consumes input without producing a token (e.g. whitespace)","                        return false;","                    }","                } else if (!this.options.flex) {","                    break;","                }","            }","        }","        if (match) {","            token = this.test_match(match, rules[index]);","            if (token !== false) {","                return token;","            }","            // else: this is a lexer rule which consumes input without producing a token (e.g. whitespace)","            return false;","        }","        if (this._input === \"\") {","            return this.EOF;","        } else {","            return this.parseError('Lexical error on line ' + (this.yylineno + 1) + '. Unrecognized text.\\n' + this.showPosition(), {","                text: \"\",","                token: null,","                line: this.yylineno","            });","        }","    },","","// return next match that has a token","lex:function lex() {","        var r = this.next();","        if (r) {","            return r;","        } else {","            return this.lex();","        }","    },","","// activates a new lexer condition state (pushes the new lexer condition state onto the condition stack)","begin:function begin(condition) {","        this.conditionStack.push(condition);","    },","","// pop the previously active lexer condition state off the condition stack","popState:function popState() {","        var n = this.conditionStack.length - 1;","        if (n > 0) {","            return this.conditionStack.pop();","        } else {","            return this.conditionStack[0];","        }","    },","","// produce the lexer rule set which is active for the currently active lexer condition state","_currentRules:function _currentRules() {","        if (this.conditionStack.length && this.conditionStack[this.conditionStack.length - 1]) {","            return this.conditions[this.conditionStack[this.conditionStack.length - 1]].rules;","        } else {","            return this.conditions[\"INITIAL\"].rules;","        }","    },","","// return the currently active lexer condition state; when an index argument is provided it produces the N-th previous condition state, if available","topState:function topState(n) {","        n = this.conditionStack.length - 1 - Math.abs(n || 0);","        if (n >= 0) {","            return this.conditionStack[n];","        } else {","            return \"INITIAL\";","        }","    },","","// alias for begin(condition)","pushState:function pushState(condition) {","        this.begin(condition);","    },","","// return the number of states currently on the stack","stateStackSize:function stateStackSize() {","        return this.conditionStack.length;","    },","options: {},","performAction: function anonymous(yy,yy_,$avoiding_name_collisions,YY_START) {","","var YYSTATE=YY_START;","switch($avoiding_name_collisions) {","case 0:                        return 7; ","break;","case 1:                        return 8; ","break;","case 2:                        return 9; ","break;","case 3:                        return 10; ","break;","case 4: this.pushState('rp');  return yy_.yytext; ","break;","case 5:                        return yy_.yytext; ","break;","case 6: this.popState();","                                      this.pushState('rw');  return yy_.yytext; ","break;","case 7: this.popState();","                                      this.pushState('r');   return 11; ","break;","case 8: this.pushState('r');   return 11; ","break;","case 9:                        return 12; ","break;","case 10: this.pushState('b');   return yy_.yytext; ","break;","case 11: this.popState();       return yy_.yytext; ","break;","case 12: this.pushState('p');   return yy_.yytext; ","break;","case 13: this.popState();       return yy_.yytext; ","break;","case 14: this.pushState('m');   return yy_.yytext; ","break;","case 15: this.popState();       return yy_.yytext; ","break;","case 16: this.popState();       return 4; ","break;","case 17: this.popState(); ","break;","case 18: /*ignore whitespace and \\n*/ ","break;","case 19:                        return yy_.yytext; ","break;","case 20:                        return yy_.yytext; ","break;","case 21:                        return yy_.yytext; ","break;","case 22:                        return 24; ","break;","case 23:                        return yy_.yytext.toUpperCase(); ","break;","case 24:                        return yy_.yytext; ","break;","case 25:                        return yy_.yytext; ","break;","case 26:                        return yy_.yytext; ","break;","case 27:                        return yy_.yytext; ","break;","case 28:                        return 43; ","break;","case 29:                        return 44; ","break;","case 30:                        return 45; ","break;","case 31:                        return 46; ","break;","case 32: this.pushState('bp');  return 47; ","break;","case 33: this.pushState('bp');  return 48; ","break;","case 34: this.pushState('bp');  return 49; ","break;","case 35:                        return 50; ","break;","case 36:                        return 51; ","break;","case 37: this.pushState('bp');  return 52;","break;","case 38: this.pushState('bp');  return 53; ","break;","case 39: this.pushState('bp');  return 54; ","break;","case 40:                        return 55; ","break;","case 41:                        return 56; ","break;","case 42: this.pushState('bp');  return 57; ","break;","case 43: this.pushState('bp');  return 58; ","break;","case 44: this.pushState('bpm'); return 59; ","break;","case 45: this.pushState('bpm'); return 60; ","break;","case 46: this.pushState('bpm'); return 61; ","break;","case 47: this.popState();","                                      this.pushState('p');   return 14; ","break;","case 48: this.popState();","                                      this.pushState('pm');  return 14;","break;","case 49:                        return 11; ","break;","case 50:                        return 21; ","break;","case 51: this.popState();       return 15; ","break;","case 52:                        return 62; ","break;","case 53:                        return 7; ","break;","case 54:                        return 4; ","break;","}","},","rules: [/^(?:(\\\\\\$|\\\\#|[^\\$\\#])+)/,/^(?:#\\[\\[[\\s\\S]*?\\]\\]#)/,/^(?:##.*)/,/^(?:#\\*[\\s\\S]*?\\*#)/,/^(?:\\$(?=!?\\{?([a-zA-Z][a-zA-Z0-9-_]*)))/,/^(?:!)/,/^(?:\\{)/,/^(?:([a-zA-Z][a-zA-Z0-9-_]*))/,/^(?:([a-zA-Z][a-zA-Z0-9-_]*))/,/^(?:\\.([a-zA-Z][a-zA-Z0-9-_]*))/,/^(?:\\[)/,/^(?:\\])/,/^(?:\\()/,/^(?:\\))/,/^(?:\\{)/,/^(?:\\})/,/^(?:$)/,/^(?:)/,/^(?:\\s+)/,/^(?::)/,/^(?:,)/,/^(?:\\.\\.)/,/^(?:in\\b)/,/^(?:true|false|null\\b)/,/^(?:==|!=|>=|<=|>|<)/,/^(?:&&|\\|\\||!)/,/^(?:[\\+\\-\\*\\/\\%])/,/^(?:=)/,/^(?:\\d+\\.\\d+)/,/^(?:\\d+)/,/^(?:\"(\\\\\"|[^\\\"])*\")/,/^(?:'(\\\\'|[^\\'])*')/,/^(?:#(\\{set\\}|set)((?=[ \\t]*\\()))/,/^(?:#(\\{if\\}|if)((?=[ \\t]*\\()))/,/^(?:#(\\{elseif\\}|elseif)((?=[ \\t]*\\()))/,/^(?:#(\\{else\\}|else(?!([a-zA-Z]))))/,/^(?:#(\\{end\\}|end(?!([a-zA-Z]))))/,/^(?:#(\\{foreach\\}|foreach)((?=[ \\t]*\\()))/,/^(?:#(\\{include\\}|include)((?=[ \\t]*\\()))/,/^(?:#(\\{parse\\}|parse)((?=[ \\t]*\\()))/,/^(?:#(\\{stop\\}|stop(?!([a-zA-Z]))))/,/^(?:#(\\{break\\}|break(?!([a-zA-Z]))))/,/^(?:#(\\{evaluate\\}|evaluate)((?=[ \\t]*\\()))/,/^(?:#(\\{define\\}|define)((?=[ \\t]*\\()))/,/^(?:#(\\{macro\\}|macro)((?=[ \\t]*\\()))/,/^(?:#(\\{([a-zA-Z])+\\}|([a-zA-Z])+)((?=[ \\t]*\\()))/,/^(?:#@(\\{([a-zA-Z])+\\}|([a-zA-Z])+)((?=[ \\t]*\\()))/,/^(?:[ \\t]*\\()/,/^(?:[ \\t]*\\(\\s*)/,/^(?:([a-zA-Z][a-zA-Z0-9-_]*))/,/^(?:\\s*,\\s*)/,/^(?:\\s*\\))/,/^(?:\\s+)/,/^(?:[\\$\\#])/,/^(?:$)/],","conditions: {\"rp\":{\"rules\":[5,6,7],\"inclusive\":false},\"rw\":{\"rules\":[8,15],\"inclusive\":false},\"r\":{\"rules\":[9,10,12,16,17],\"inclusive\":false},\"b\":{\"rules\":[4,10,11,12,14,18,20,21,23,24,25,26,27,28,29,30,31],\"inclusive\":false},\"bpm\":{\"rules\":[48],\"inclusive\":false},\"bp\":{\"rules\":[47],\"inclusive\":false},\"pm\":{\"rules\":[4,10,12,14,23,28,29,30,31,49,50,51,52],\"inclusive\":false},\"p\":{\"rules\":[4,10,12,13,14,18,20,22,23,24,25,26,27,28,29,30,31],\"inclusive\":false},\"m\":{\"rules\":[4,10,12,14,15,18,19,20,23,24,25,26,27,28,29,30,31],\"inclusive\":false},\"INITIAL\":{\"rules\":[0,1,2,3,4,32,33,34,35,36,37,38,39,40,41,42,43,44,45,46,53,54],\"inclusive\":true}}","};","return lexer;","})();","parser.lexer = lexer;","function Parser () {","  this.yy = {};","}","Parser.prototype = parser;parser.Parser = Parser;","return new Parser;","})();","","","if (typeof require !== 'undefined' && typeof exports !== 'undefined') {","exports.parser = lex;","exports.Parser = lex.Parser;","exports.parse = function () { return lex.parse.apply(lex, arguments); };","exports.main = function commonjsMain(args) {","    if (!args[1]) {","        console.log('Usage: '+args[0]+' FILE');","        process.exit(1);","    }","    var source = require('fs').readFileSync(require('path').normalize(args[1]), \"utf8\");","    return exports.parser.parse(source);","};","if (typeof module !== 'undefined' && require.main === module) {","  exports.main(process.argv.slice(1));","}","}"],"l":{"74":1,"75":1,"83":0,"84":0,"85":0,"86":0,"87":0,"88":0,"89":0,"90":0,"91":0,"92":0,"93":0,"94":0,"95":0,"96":0,"97":0,"98":0,"99":0,"100":0,"101":0,"102":0,"103":0,"104":0,"105":0,"106":0,"107":0,"108":0,"109":0,"110":0,"111":0,"112":0,"113":0,"114":0,"115":0,"116":0,"117":0,"118":0,"119":0,"120":0,"121":0,"122":0,"123":0,"124":0,"125":0,"126":0,"127":0,"128":0,"129":0,"130":0,"131":0,"132":0,"133":0,"134":0,"135":0,"136":0,"137":0,"138":0,"139":0,"140":0,"141":0,"142":0,"143":0,"144":0,"145":0,"146":0,"147":0,"148":0,"149":0,"150":0,"151":0,"152":0,"153":0,"154":0,"155":0,"156":0,"157":0,"158":0,"159":0,"160":0,"161":0,"162":0,"163":0,"164":0,"165":0,"166":0,"167":0,"168":0,"169":0,"170":0,"171":0,"172":0,"173":0,"174":0,"175":0,"176":0,"177":0,"178":0,"179":0,"180":0,"181":0,"182":0,"183":0,"184":0,"185":0,"186":0,"187":0,"188":0,"189":0,"190":0,"191":0,"192":0,"193":0,"194":0,"195":0,"196":0,"197":0,"198":0,"199":0,"200":0,"201":0,"202":0,"203":0,"204":0,"210":0,"211":0,"213":0,"217":0,"218":0,"219":0,"220":0,"221":0,"222":0,"223":0,"224":0,"226":0,"227":0,"228":0,"229":0,"230":0,"232":0,"234":1,"235":0,"236":0,"237":0,"239":1,"240":0,"241":0,"242":0,"243":0,"245":0,"247":0,"248":0,"249":0,"250":0,"251":0,"253":0,"254":0,"256":0,"258":0,"259":0,"260":0,"261":0,"262":0,"263":0,"266":0,"267":0,"269":0,"271":0,"279":0,"280":0,"282":0,"284":0,"285":0,"286":0,"287":0,"288":0,"289":0,"290":0,"291":0,"292":0,"293":0,"294":0,"295":0,"298":0,"299":0,"301":0,"303":0,"304":0,"305":0,"311":0,"312":0,"317":0,"326":0,"327":0,"329":0,"330":0,"331":0,"332":0,"334":0,"335":0,"336":0,"337":0,"338":0,"339":0,"341":0,"344":0,"347":1,"348":1,"353":0,"354":0,"356":0,"362":0,"363":0,"364":0,"365":0,"366":0,"367":0,"373":0,"374":0,"376":0,"377":0,"382":0,"383":0,"384":0,"385":0,"386":0,"387":0,"388":0,"389":0,"390":0,"391":0,"393":0,"395":0,"396":0,"399":0,"400":0,"405":0,"406":0,"408":0,"409":0,"411":0,"412":0,"413":0,"414":0,"416":0,"417":0,"419":0,"421":0,"431":0,"432":0,"434":0,"435":0,"440":0,"441":0,"446":0,"447":0,"449":0,"456":0,"461":0,"466":0,"467":0,"472":0,"473":0,"474":0,"476":0,"481":0,"482":0,"483":0,"488":0,"492":0,"494":0,"514":0,"515":0,"519":0,"520":0,"521":0,"523":0,"531":0,"532":0,"533":0,"534":0,"535":0,"536":0,"538":0,"539":0,"540":0,"541":0,"542":0,"543":0,"544":0,"546":0,"547":0,"548":0,"550":0,"551":0,"553":0,"555":0,"560":0,"561":0,"563":0,"564":0,"567":0,"571":0,"572":0,"573":0,"575":0,"576":0,"577":0,"578":0,"579":0,"580":0,"581":0,"582":0,"583":0,"584":0,"585":0,"586":0,"587":0,"590":0,"592":0,"593":0,"597":0,"598":0,"599":0,"600":0,"603":0,"605":0,"606":0,"608":0,"618":0,"619":0,"620":0,"622":0,"628":0,"633":0,"634":0,"635":0,"637":0,"643":0,"644":0,"646":0,"652":0,"653":0,"654":0,"656":0,"662":0,"667":0,"672":0,"673":0,"674":0,"675":0,"676":0,"677":0,"678":0,"679":0,"680":0,"681":0,"682":0,"683":0,"684":0,"685":0,"686":0,"687":0,"688":0,"689":0,"690":0,"691":0,"692":0,"693":0,"694":0,"695":0,"696":0,"697":0,"698":0,"699":0,"700":0,"701":0,"702":0,"703":0,"704":0,"705":0,"706":0,"707":0,"708":0,"709":0,"710":0,"711":0,"713":0,"714":0,"715":0,"716":0,"717":0,"718":0,"719":0,"720":0,"721":0,"722":0,"723":0,"724":0,"725":0,"726":0,"727":0,"728":0,"729":0,"730":0,"731":0,"732":0,"733":0,"734":0,"735":0,"736":0,"737":0,"738":0,"739":0,"740":0,"741":0,"742":0,"743":0,"744":0,"745":0,"746":0,"747":0,"748":0,"749":0,"750":0,"751":0,"752":0,"753":0,"754":0,"755":0,"756":0,"757":0,"758":0,"759":0,"760":0,"761":0,"762":0,"763":0,"764":0,"765":0,"766":0,"767":0,"768":0,"769":0,"770":0,"771":0,"772":0,"773":0,"774":0,"775":0,"776":0,"777":0,"778":0,"779":0,"780":0,"781":0,"782":0,"783":0,"784":0,"785":0,"786":0,"787":0,"793":1,"795":1,"796":1,"797":1,"799":1,"800":1,"804":1,"805":1,"806":1,"807":1,"808":1,"809":0,"810":0,"811":0,"813":0,"814":0,"816":1,"817":0}}}